[2018-11-30 15:28:28] INFO  com.sample.springboot.RedisTests - Starting RedisTests on jianglingjundeMacBook-Pro.local with PID 6074 (started by jianglingjun in /Users/jianglingjun/Document/Projects/Java/spring-boot-examples/spring-boot-sample)
[2018-11-30 15:28:28] INFO  com.sample.springboot.RedisTests - The following profiles are active: test
[2018-11-30 15:28:29] INFO  org.springframework.data.repository.config.RepositoryConfigurationDelegate - Multiple Spring Data modules found, entering strict repository configuration mode!
[2018-11-30 15:28:29] INFO  org.springframework.data.repository.config.RepositoryConfigurationDelegate - Bootstrapping Spring Data repositories in DEFAULT mode.
[2018-11-30 15:28:30] INFO  org.springframework.data.repository.config.RepositoryConfigurationDelegate - Finished Spring Data repository scanning in 559ms. Found 1 repository interfaces.
[2018-11-30 15:28:30] INFO  org.springframework.data.repository.config.RepositoryConfigurationDelegate - Multiple Spring Data modules found, entering strict repository configuration mode!
[2018-11-30 15:28:30] INFO  org.springframework.data.repository.config.RepositoryConfigurationDelegate - Bootstrapping Spring Data repositories in DEFAULT mode.
[2018-11-30 15:28:30] INFO  org.springframework.data.repository.config.RepositoryConfigurationExtensionSupport - Spring Data Redis - Could not safely identify store assignment for repository candidate interface com.sample.springboot.repository.mongo.UserRepository.
[2018-11-30 15:28:30] INFO  org.springframework.data.repository.config.RepositoryConfigurationDelegate - Finished Spring Data repository scanning in 27ms. Found 0 repository interfaces.
[2018-11-30 15:28:31] INFO  org.springframework.context.support.PostProcessorRegistrationDelegate$BeanPostProcessorChecker - Bean 'org.springframework.kafka.annotation.KafkaBootstrapConfiguration' of type [org.springframework.kafka.annotation.KafkaBootstrapConfiguration$$EnhancerBySpringCGLIB$$49eab6a9] is not eligible for getting processed by all BeanPostProcessors (for example: not eligible for auto-proxying)
[2018-11-30 15:28:31] INFO  org.springframework.context.support.PostProcessorRegistrationDelegate$BeanPostProcessorChecker - Bean 'org.springframework.transaction.annotation.ProxyTransactionManagementConfiguration' of type [org.springframework.transaction.annotation.ProxyTransactionManagementConfiguration$$EnhancerBySpringCGLIB$$7638a526] is not eligible for getting processed by all BeanPostProcessors (for example: not eligible for auto-proxying)
[2018-11-30 15:28:32] INFO  org.mongodb.driver.cluster - Cluster created with settings {hosts=[localhost:27017], mode=SINGLE, requiredClusterType=UNKNOWN, serverSelectionTimeout='30000 ms', maxWaitQueueSize=500}
[2018-11-30 15:28:32] INFO  org.mongodb.driver.cluster - Exception in monitor thread while connecting to server localhost:27017
com.mongodb.MongoSocketOpenException: Exception opening socket
	at com.mongodb.internal.connection.SocketStream.open(SocketStream.java:67)
	at com.mongodb.internal.connection.InternalStreamConnection.open(InternalStreamConnection.java:126)
	at com.mongodb.internal.connection.DefaultServerMonitor$ServerMonitorRunnable.run(DefaultServerMonitor.java:117)
	at java.lang.Thread.run(Thread.java:748)
Caused by: java.net.ConnectException: Connection refused (Connection refused)
	at java.net.PlainSocketImpl.socketConnect(Native Method)
	at java.net.AbstractPlainSocketImpl.doConnect(AbstractPlainSocketImpl.java:350)
	at java.net.AbstractPlainSocketImpl.connectToAddress(AbstractPlainSocketImpl.java:206)
	at java.net.AbstractPlainSocketImpl.connect(AbstractPlainSocketImpl.java:188)
	at java.net.SocksSocketImpl.connect(SocksSocketImpl.java:392)
	at java.net.Socket.connect(Socket.java:589)
	at com.mongodb.internal.connection.SocketStreamHelper.initialize(SocketStreamHelper.java:64)
	at com.mongodb.internal.connection.SocketStream.open(SocketStream.java:62)
	... 3 common frames omitted
[2018-11-30 15:28:34] INFO  org.springframework.scheduling.concurrent.ThreadPoolTaskExecutor - Initializing ExecutorService 'applicationTaskExecutor'
[2018-11-30 15:28:36] INFO  org.springframework.boot.autoconfigure.security.servlet.UserDetailsServiceAutoConfiguration - 

Using generated security password: d22acff2-9a81-4e88-9117-409d50e2dbdf

[2018-11-30 15:28:36] INFO  org.springframework.security.web.DefaultSecurityFilterChain - Creating filter chain: any request, [org.springframework.security.web.context.request.async.WebAsyncManagerIntegrationFilter@2374452a, org.springframework.security.web.context.SecurityContextPersistenceFilter@57b130f6, org.springframework.security.web.header.HeaderWriterFilter@41bd6a0f, org.springframework.security.web.csrf.CsrfFilter@638d2ce3, org.springframework.security.web.authentication.logout.LogoutFilter@57a982f9, org.springframework.security.web.authentication.UsernamePasswordAuthenticationFilter@46de118b, org.springframework.security.web.authentication.ui.DefaultLoginPageGeneratingFilter@61836cd9, org.springframework.security.web.authentication.ui.DefaultLogoutPageGeneratingFilter@6ffc6ea7, org.springframework.security.web.authentication.www.BasicAuthenticationFilter@3bf01a01, org.springframework.security.web.savedrequest.RequestCacheAwareFilter@2cc61b3b, org.springframework.security.web.servletapi.SecurityContextHolderAwareRequestFilter@35a9e665, org.springframework.security.web.authentication.AnonymousAuthenticationFilter@2c5708e7, org.springframework.security.web.session.SessionManagementFilter@6acb45c1, org.springframework.security.web.access.ExceptionTranslationFilter@5a2035e1, org.springframework.security.web.access.intercept.FilterSecurityInterceptor@45b8bbbf]
[2018-11-30 15:28:37] INFO  org.springframework.boot.actuate.endpoint.web.EndpointLinksResolver - Exposing 2 endpoint(s) beneath base path '/actuator'
[2018-11-30 15:28:37] INFO  com.sample.springboot.RedisTests - Started RedisTests in 10.204 seconds (JVM running for 11.882)
[2018-11-30 15:28:38] INFO  org.springframework.scheduling.concurrent.ThreadPoolTaskExecutor - Shutting down ExecutorService 'applicationTaskExecutor'
[2018-11-30 16:55:28] INFO  com.sample.springboot.RedisTests - Starting RedisTests on jianglingjundeMacBook-Pro.local with PID 6479 (started by jianglingjun in /Users/jianglingjun/Document/Projects/Java/spring-boot-examples/spring-boot-sample)
[2018-11-30 16:55:28] INFO  com.sample.springboot.RedisTests - The following profiles are active: test
[2018-11-30 16:55:29] INFO  org.springframework.data.repository.config.RepositoryConfigurationDelegate - Multiple Spring Data modules found, entering strict repository configuration mode!
[2018-11-30 16:55:29] INFO  org.springframework.data.repository.config.RepositoryConfigurationDelegate - Bootstrapping Spring Data repositories in DEFAULT mode.
[2018-11-30 16:55:30] INFO  org.springframework.data.repository.config.RepositoryConfigurationDelegate - Finished Spring Data repository scanning in 611ms. Found 1 repository interfaces.
[2018-11-30 16:55:30] INFO  org.springframework.data.repository.config.RepositoryConfigurationDelegate - Multiple Spring Data modules found, entering strict repository configuration mode!
[2018-11-30 16:55:30] INFO  org.springframework.data.repository.config.RepositoryConfigurationDelegate - Bootstrapping Spring Data repositories in DEFAULT mode.
[2018-11-30 16:55:30] INFO  org.springframework.data.repository.config.RepositoryConfigurationExtensionSupport - Spring Data Redis - Could not safely identify store assignment for repository candidate interface com.sample.springboot.repository.mongo.UserRepository.
[2018-11-30 16:55:30] INFO  org.springframework.data.repository.config.RepositoryConfigurationDelegate - Finished Spring Data repository scanning in 32ms. Found 0 repository interfaces.
[2018-11-30 16:55:31] INFO  org.springframework.context.support.PostProcessorRegistrationDelegate$BeanPostProcessorChecker - Bean 'org.springframework.kafka.annotation.KafkaBootstrapConfiguration' of type [org.springframework.kafka.annotation.KafkaBootstrapConfiguration$$EnhancerBySpringCGLIB$$49eab6a9] is not eligible for getting processed by all BeanPostProcessors (for example: not eligible for auto-proxying)
[2018-11-30 16:55:31] INFO  org.springframework.context.support.PostProcessorRegistrationDelegate$BeanPostProcessorChecker - Bean 'org.springframework.transaction.annotation.ProxyTransactionManagementConfiguration' of type [org.springframework.transaction.annotation.ProxyTransactionManagementConfiguration$$EnhancerBySpringCGLIB$$7638a526] is not eligible for getting processed by all BeanPostProcessors (for example: not eligible for auto-proxying)
[2018-11-30 16:55:32] INFO  org.mongodb.driver.cluster - Cluster created with settings {hosts=[localhost:27017], mode=SINGLE, requiredClusterType=UNKNOWN, serverSelectionTimeout='30000 ms', maxWaitQueueSize=500}
[2018-11-30 16:55:32] INFO  org.mongodb.driver.cluster - Exception in monitor thread while connecting to server localhost:27017
com.mongodb.MongoSocketOpenException: Exception opening socket
	at com.mongodb.internal.connection.SocketStream.open(SocketStream.java:67)
	at com.mongodb.internal.connection.InternalStreamConnection.open(InternalStreamConnection.java:126)
	at com.mongodb.internal.connection.DefaultServerMonitor$ServerMonitorRunnable.run(DefaultServerMonitor.java:117)
	at java.lang.Thread.run(Thread.java:748)
Caused by: java.net.ConnectException: Connection refused (Connection refused)
	at java.net.PlainSocketImpl.socketConnect(Native Method)
	at java.net.AbstractPlainSocketImpl.doConnect(AbstractPlainSocketImpl.java:350)
	at java.net.AbstractPlainSocketImpl.connectToAddress(AbstractPlainSocketImpl.java:206)
	at java.net.AbstractPlainSocketImpl.connect(AbstractPlainSocketImpl.java:188)
	at java.net.SocksSocketImpl.connect(SocksSocketImpl.java:392)
	at java.net.Socket.connect(Socket.java:589)
	at com.mongodb.internal.connection.SocketStreamHelper.initialize(SocketStreamHelper.java:64)
	at com.mongodb.internal.connection.SocketStream.open(SocketStream.java:62)
	... 3 common frames omitted
[2018-11-30 16:55:34] INFO  org.springframework.scheduling.concurrent.ThreadPoolTaskExecutor - Initializing ExecutorService 'applicationTaskExecutor'
[2018-11-30 16:55:37] INFO  org.springframework.boot.autoconfigure.security.servlet.UserDetailsServiceAutoConfiguration - 

Using generated security password: 26b14a2a-e14f-4381-a4ea-afcf0dfce0e6

[2018-11-30 16:55:37] INFO  org.springframework.security.web.DefaultSecurityFilterChain - Creating filter chain: any request, [org.springframework.security.web.context.request.async.WebAsyncManagerIntegrationFilter@6c75e3bc, org.springframework.security.web.context.SecurityContextPersistenceFilter@294c44b7, org.springframework.security.web.header.HeaderWriterFilter@4df7b4ac, org.springframework.security.web.csrf.CsrfFilter@1f75fd1d, org.springframework.security.web.authentication.logout.LogoutFilter@2f75a9b1, org.springframework.security.web.authentication.UsernamePasswordAuthenticationFilter@4182a651, org.springframework.security.web.authentication.ui.DefaultLoginPageGeneratingFilter@362be0cd, org.springframework.security.web.authentication.ui.DefaultLogoutPageGeneratingFilter@186f7434, org.springframework.security.web.authentication.www.BasicAuthenticationFilter@5b23c1f6, org.springframework.security.web.savedrequest.RequestCacheAwareFilter@57b130f6, org.springframework.security.web.servletapi.SecurityContextHolderAwareRequestFilter@647ff23e, org.springframework.security.web.authentication.AnonymousAuthenticationFilter@2374452a, org.springframework.security.web.session.SessionManagementFilter@41bd6a0f, org.springframework.security.web.access.ExceptionTranslationFilter@15a484a9, org.springframework.security.web.access.intercept.FilterSecurityInterceptor@2adc1e84]
[2018-11-30 16:55:39] INFO  org.springframework.boot.actuate.endpoint.web.EndpointLinksResolver - Exposing 2 endpoint(s) beneath base path '/actuator'
[2018-11-30 16:55:39] INFO  com.sample.springboot.RedisTests - Started RedisTests in 12.111 seconds (JVM running for 13.836)
[2018-11-30 16:55:39] INFO  org.springframework.scheduling.concurrent.ThreadPoolTaskExecutor - Shutting down ExecutorService 'applicationTaskExecutor'
[2018-11-30 16:56:11] INFO  com.sample.springboot.RedisTests - Starting RedisTests on jianglingjundeMacBook-Pro.local with PID 6483 (started by jianglingjun in /Users/jianglingjun/Document/Projects/Java/spring-boot-examples/spring-boot-sample)
[2018-11-30 16:56:11] INFO  com.sample.springboot.RedisTests - The following profiles are active: test
[2018-11-30 16:56:12] INFO  org.springframework.data.repository.config.RepositoryConfigurationDelegate - Multiple Spring Data modules found, entering strict repository configuration mode!
[2018-11-30 16:56:12] INFO  org.springframework.data.repository.config.RepositoryConfigurationDelegate - Bootstrapping Spring Data repositories in DEFAULT mode.
[2018-11-30 16:56:13] INFO  org.springframework.data.repository.config.RepositoryConfigurationDelegate - Finished Spring Data repository scanning in 400ms. Found 1 repository interfaces.
[2018-11-30 16:56:13] INFO  org.springframework.data.repository.config.RepositoryConfigurationDelegate - Multiple Spring Data modules found, entering strict repository configuration mode!
[2018-11-30 16:56:13] INFO  org.springframework.data.repository.config.RepositoryConfigurationDelegate - Bootstrapping Spring Data repositories in DEFAULT mode.
[2018-11-30 16:56:13] INFO  org.springframework.data.repository.config.RepositoryConfigurationExtensionSupport - Spring Data Redis - Could not safely identify store assignment for repository candidate interface com.sample.springboot.repository.mongo.UserRepository.
[2018-11-30 16:56:13] INFO  org.springframework.data.repository.config.RepositoryConfigurationDelegate - Finished Spring Data repository scanning in 24ms. Found 0 repository interfaces.
[2018-11-30 16:56:14] INFO  org.springframework.context.support.PostProcessorRegistrationDelegate$BeanPostProcessorChecker - Bean 'org.springframework.kafka.annotation.KafkaBootstrapConfiguration' of type [org.springframework.kafka.annotation.KafkaBootstrapConfiguration$$EnhancerBySpringCGLIB$$49eab6a9] is not eligible for getting processed by all BeanPostProcessors (for example: not eligible for auto-proxying)
[2018-11-30 16:56:14] INFO  org.springframework.context.support.PostProcessorRegistrationDelegate$BeanPostProcessorChecker - Bean 'org.springframework.transaction.annotation.ProxyTransactionManagementConfiguration' of type [org.springframework.transaction.annotation.ProxyTransactionManagementConfiguration$$EnhancerBySpringCGLIB$$7638a526] is not eligible for getting processed by all BeanPostProcessors (for example: not eligible for auto-proxying)
[2018-11-30 16:56:14] INFO  org.mongodb.driver.cluster - Cluster created with settings {hosts=[localhost:27017], mode=SINGLE, requiredClusterType=UNKNOWN, serverSelectionTimeout='30000 ms', maxWaitQueueSize=500}
[2018-11-30 16:56:14] INFO  org.mongodb.driver.cluster - Exception in monitor thread while connecting to server localhost:27017
com.mongodb.MongoSocketOpenException: Exception opening socket
	at com.mongodb.internal.connection.SocketStream.open(SocketStream.java:67)
	at com.mongodb.internal.connection.InternalStreamConnection.open(InternalStreamConnection.java:126)
	at com.mongodb.internal.connection.DefaultServerMonitor$ServerMonitorRunnable.run(DefaultServerMonitor.java:117)
	at java.lang.Thread.run(Thread.java:748)
Caused by: java.net.ConnectException: Connection refused (Connection refused)
	at java.net.PlainSocketImpl.socketConnect(Native Method)
	at java.net.AbstractPlainSocketImpl.doConnect(AbstractPlainSocketImpl.java:350)
	at java.net.AbstractPlainSocketImpl.connectToAddress(AbstractPlainSocketImpl.java:206)
	at java.net.AbstractPlainSocketImpl.connect(AbstractPlainSocketImpl.java:188)
	at java.net.SocksSocketImpl.connect(SocksSocketImpl.java:392)
	at java.net.Socket.connect(Socket.java:589)
	at com.mongodb.internal.connection.SocketStreamHelper.initialize(SocketStreamHelper.java:64)
	at com.mongodb.internal.connection.SocketStream.open(SocketStream.java:62)
	... 3 common frames omitted
[2018-11-30 16:56:16] INFO  org.springframework.scheduling.concurrent.ThreadPoolTaskExecutor - Initializing ExecutorService 'applicationTaskExecutor'
[2018-11-30 16:56:19] INFO  org.springframework.boot.autoconfigure.security.servlet.UserDetailsServiceAutoConfiguration - 

Using generated security password: 6334c806-3b58-4da7-b1c4-fe43c8930b51

[2018-11-30 16:56:19] INFO  org.springframework.security.web.DefaultSecurityFilterChain - Creating filter chain: any request, [org.springframework.security.web.context.request.async.WebAsyncManagerIntegrationFilter@2374452a, org.springframework.security.web.context.SecurityContextPersistenceFilter@67e4928c, org.springframework.security.web.header.HeaderWriterFilter@1ae9d0e4, org.springframework.security.web.csrf.CsrfFilter@79617c3d, org.springframework.security.web.authentication.logout.LogoutFilter@19d3f6ad, org.springframework.security.web.authentication.UsernamePasswordAuthenticationFilter@46de118b, org.springframework.security.web.authentication.ui.DefaultLoginPageGeneratingFilter@1b632442, org.springframework.security.web.authentication.ui.DefaultLogoutPageGeneratingFilter@6ffc6ea7, org.springframework.security.web.authentication.www.BasicAuthenticationFilter@3bf01a01, org.springframework.security.web.savedrequest.RequestCacheAwareFilter@72e75786, org.springframework.security.web.servletapi.SecurityContextHolderAwareRequestFilter@362be0cd, org.springframework.security.web.authentication.AnonymousAuthenticationFilter@2c5708e7, org.springframework.security.web.session.SessionManagementFilter@294c44b7, org.springframework.security.web.access.ExceptionTranslationFilter@4df7b4ac, org.springframework.security.web.access.intercept.FilterSecurityInterceptor@45b8bbbf]
[2018-11-30 16:56:20] INFO  org.springframework.boot.actuate.endpoint.web.EndpointLinksResolver - Exposing 2 endpoint(s) beneath base path '/actuator'
[2018-11-30 16:56:20] INFO  com.sample.springboot.RedisTests - Started RedisTests in 10.09 seconds (JVM running for 11.679)
[2018-11-30 16:56:21] INFO  org.springframework.scheduling.concurrent.ThreadPoolTaskExecutor - Shutting down ExecutorService 'applicationTaskExecutor'
[2018-11-30 16:57:16] INFO  com.sample.springboot.RedisTests - Starting RedisTests on jianglingjundeMacBook-Pro.local with PID 6490 (started by jianglingjun in /Users/jianglingjun/Document/Projects/Java/spring-boot-examples/spring-boot-sample)
[2018-11-30 16:57:16] INFO  com.sample.springboot.RedisTests - The following profiles are active: test
[2018-11-30 16:57:17] INFO  org.springframework.data.repository.config.RepositoryConfigurationDelegate - Multiple Spring Data modules found, entering strict repository configuration mode!
[2018-11-30 16:57:17] INFO  org.springframework.data.repository.config.RepositoryConfigurationDelegate - Bootstrapping Spring Data repositories in DEFAULT mode.
[2018-11-30 16:57:17] INFO  org.springframework.data.repository.config.RepositoryConfigurationDelegate - Finished Spring Data repository scanning in 353ms. Found 1 repository interfaces.
[2018-11-30 16:57:18] INFO  org.springframework.data.repository.config.RepositoryConfigurationDelegate - Multiple Spring Data modules found, entering strict repository configuration mode!
[2018-11-30 16:57:18] INFO  org.springframework.data.repository.config.RepositoryConfigurationDelegate - Bootstrapping Spring Data repositories in DEFAULT mode.
[2018-11-30 16:57:18] INFO  org.springframework.data.repository.config.RepositoryConfigurationExtensionSupport - Spring Data Redis - Could not safely identify store assignment for repository candidate interface com.sample.springboot.repository.mongo.UserRepository.
[2018-11-30 16:57:18] INFO  org.springframework.data.repository.config.RepositoryConfigurationDelegate - Finished Spring Data repository scanning in 29ms. Found 0 repository interfaces.
[2018-11-30 16:57:18] INFO  org.springframework.context.support.PostProcessorRegistrationDelegate$BeanPostProcessorChecker - Bean 'org.springframework.kafka.annotation.KafkaBootstrapConfiguration' of type [org.springframework.kafka.annotation.KafkaBootstrapConfiguration$$EnhancerBySpringCGLIB$$48bb3db2] is not eligible for getting processed by all BeanPostProcessors (for example: not eligible for auto-proxying)
[2018-11-30 16:57:19] INFO  org.springframework.context.support.PostProcessorRegistrationDelegate$BeanPostProcessorChecker - Bean 'org.springframework.transaction.annotation.ProxyTransactionManagementConfiguration' of type [org.springframework.transaction.annotation.ProxyTransactionManagementConfiguration$$EnhancerBySpringCGLIB$$75092c2f] is not eligible for getting processed by all BeanPostProcessors (for example: not eligible for auto-proxying)
[2018-11-30 16:57:19] INFO  org.mongodb.driver.cluster - Cluster created with settings {hosts=[localhost:27017], mode=SINGLE, requiredClusterType=UNKNOWN, serverSelectionTimeout='30000 ms', maxWaitQueueSize=500}
[2018-11-30 16:57:19] INFO  org.mongodb.driver.cluster - Exception in monitor thread while connecting to server localhost:27017
com.mongodb.MongoSocketOpenException: Exception opening socket
	at com.mongodb.internal.connection.SocketStream.open(SocketStream.java:67)
	at com.mongodb.internal.connection.InternalStreamConnection.open(InternalStreamConnection.java:126)
	at com.mongodb.internal.connection.DefaultServerMonitor$ServerMonitorRunnable.run(DefaultServerMonitor.java:117)
	at java.lang.Thread.run(Thread.java:748)
Caused by: java.net.ConnectException: Connection refused (Connection refused)
	at java.net.PlainSocketImpl.socketConnect(Native Method)
	at java.net.AbstractPlainSocketImpl.doConnect(AbstractPlainSocketImpl.java:350)
	at java.net.AbstractPlainSocketImpl.connectToAddress(AbstractPlainSocketImpl.java:206)
	at java.net.AbstractPlainSocketImpl.connect(AbstractPlainSocketImpl.java:188)
	at java.net.SocksSocketImpl.connect(SocksSocketImpl.java:392)
	at java.net.Socket.connect(Socket.java:589)
	at com.mongodb.internal.connection.SocketStreamHelper.initialize(SocketStreamHelper.java:64)
	at com.mongodb.internal.connection.SocketStream.open(SocketStream.java:62)
	... 3 common frames omitted
[2018-11-30 16:57:21] INFO  org.springframework.scheduling.concurrent.ThreadPoolTaskExecutor - Initializing ExecutorService 'applicationTaskExecutor'
[2018-11-30 16:57:23] INFO  org.springframework.boot.autoconfigure.security.servlet.UserDetailsServiceAutoConfiguration - 

Using generated security password: 4e0a803f-6ed7-4697-9c15-86f99c58e3bc

[2018-11-30 16:57:23] INFO  org.springframework.security.web.DefaultSecurityFilterChain - Creating filter chain: any request, [org.springframework.security.web.context.request.async.WebAsyncManagerIntegrationFilter@1df06ecd, org.springframework.security.web.context.SecurityContextPersistenceFilter@43d6262c, org.springframework.security.web.header.HeaderWriterFilter@197d5a87, org.springframework.security.web.csrf.CsrfFilter@5af40e45, org.springframework.security.web.authentication.logout.LogoutFilter@57b130f6, org.springframework.security.web.authentication.UsernamePasswordAuthenticationFilter@34a33343, org.springframework.security.web.authentication.ui.DefaultLoginPageGeneratingFilter@41bd6a0f, org.springframework.security.web.authentication.ui.DefaultLogoutPageGeneratingFilter@57927bc9, org.springframework.security.web.authentication.www.BasicAuthenticationFilter@1c788d08, org.springframework.security.web.savedrequest.RequestCacheAwareFilter@38cf4497, org.springframework.security.web.servletapi.SecurityContextHolderAwareRequestFilter@5a2035e1, org.springframework.security.web.authentication.AnonymousAuthenticationFilter@323efafe, org.springframework.security.web.session.SessionManagementFilter@616f81b5, org.springframework.security.web.access.ExceptionTranslationFilter@638d2ce3, org.springframework.security.web.access.intercept.FilterSecurityInterceptor@2b9ecd05]
[2018-11-30 16:57:23] INFO  org.springframework.boot.actuate.endpoint.web.EndpointLinksResolver - Exposing 2 endpoint(s) beneath base path '/actuator'
[2018-11-30 16:57:24] INFO  com.sample.springboot.RedisTests - Started RedisTests in 8.762 seconds (JVM running for 10.737)
[2018-11-30 16:57:24] INFO  org.springframework.scheduling.concurrent.ThreadPoolTaskExecutor - Shutting down ExecutorService 'applicationTaskExecutor'
[2018-11-30 17:06:04] INFO  com.sample.springboot.RedisTests - Starting RedisTests on jianglingjundeMacBook-Pro.local with PID 6529 (started by jianglingjun in /Users/jianglingjun/Document/Projects/Java/spring-boot-examples/spring-boot-sample)
[2018-11-30 17:06:04] INFO  com.sample.springboot.RedisTests - The following profiles are active: test
[2018-11-30 17:06:06] INFO  org.springframework.data.repository.config.RepositoryConfigurationDelegate - Multiple Spring Data modules found, entering strict repository configuration mode!
[2018-11-30 17:06:06] INFO  org.springframework.data.repository.config.RepositoryConfigurationDelegate - Bootstrapping Spring Data repositories in DEFAULT mode.
[2018-11-30 17:06:06] INFO  org.springframework.data.repository.config.RepositoryConfigurationDelegate - Finished Spring Data repository scanning in 638ms. Found 1 repository interfaces.
[2018-11-30 17:06:07] INFO  org.springframework.data.repository.config.RepositoryConfigurationDelegate - Multiple Spring Data modules found, entering strict repository configuration mode!
[2018-11-30 17:06:07] INFO  org.springframework.data.repository.config.RepositoryConfigurationDelegate - Bootstrapping Spring Data repositories in DEFAULT mode.
[2018-11-30 17:06:07] INFO  org.springframework.data.repository.config.RepositoryConfigurationExtensionSupport - Spring Data Redis - Could not safely identify store assignment for repository candidate interface com.sample.springboot.repository.mongo.UserRepository.
[2018-11-30 17:06:07] INFO  org.springframework.data.repository.config.RepositoryConfigurationDelegate - Finished Spring Data repository scanning in 29ms. Found 0 repository interfaces.
[2018-11-30 17:06:08] INFO  org.springframework.context.support.PostProcessorRegistrationDelegate$BeanPostProcessorChecker - Bean 'org.springframework.kafka.annotation.KafkaBootstrapConfiguration' of type [org.springframework.kafka.annotation.KafkaBootstrapConfiguration$$EnhancerBySpringCGLIB$$a202df3] is not eligible for getting processed by all BeanPostProcessors (for example: not eligible for auto-proxying)
[2018-11-30 17:06:08] INFO  org.springframework.context.support.PostProcessorRegistrationDelegate$BeanPostProcessorChecker - Bean 'org.springframework.transaction.annotation.ProxyTransactionManagementConfiguration' of type [org.springframework.transaction.annotation.ProxyTransactionManagementConfiguration$$EnhancerBySpringCGLIB$$366e1c70] is not eligible for getting processed by all BeanPostProcessors (for example: not eligible for auto-proxying)
[2018-11-30 17:06:08] INFO  org.mongodb.driver.cluster - Cluster created with settings {hosts=[localhost:27017], mode=SINGLE, requiredClusterType=UNKNOWN, serverSelectionTimeout='30000 ms', maxWaitQueueSize=500}
[2018-11-30 17:06:09] INFO  org.mongodb.driver.cluster - Exception in monitor thread while connecting to server localhost:27017
com.mongodb.MongoSocketOpenException: Exception opening socket
	at com.mongodb.internal.connection.SocketStream.open(SocketStream.java:67)
	at com.mongodb.internal.connection.InternalStreamConnection.open(InternalStreamConnection.java:126)
	at com.mongodb.internal.connection.DefaultServerMonitor$ServerMonitorRunnable.run(DefaultServerMonitor.java:117)
	at java.lang.Thread.run(Thread.java:748)
Caused by: java.net.ConnectException: Connection refused (Connection refused)
	at java.net.PlainSocketImpl.socketConnect(Native Method)
	at java.net.AbstractPlainSocketImpl.doConnect(AbstractPlainSocketImpl.java:350)
	at java.net.AbstractPlainSocketImpl.connectToAddress(AbstractPlainSocketImpl.java:206)
	at java.net.AbstractPlainSocketImpl.connect(AbstractPlainSocketImpl.java:188)
	at java.net.SocksSocketImpl.connect(SocksSocketImpl.java:392)
	at java.net.Socket.connect(Socket.java:589)
	at com.mongodb.internal.connection.SocketStreamHelper.initialize(SocketStreamHelper.java:64)
	at com.mongodb.internal.connection.SocketStream.open(SocketStream.java:62)
	... 3 common frames omitted
[2018-11-30 17:06:11] INFO  org.springframework.scheduling.concurrent.ThreadPoolTaskExecutor - Initializing ExecutorService 'applicationTaskExecutor'
[2018-11-30 17:06:14] INFO  org.springframework.boot.autoconfigure.security.servlet.UserDetailsServiceAutoConfiguration - 

Using generated security password: 686f622d-8abb-40e6-ad26-9d5e867521cf

[2018-11-30 17:06:14] INFO  org.springframework.security.web.DefaultSecurityFilterChain - Creating filter chain: any request, [org.springframework.security.web.context.request.async.WebAsyncManagerIntegrationFilter@6d2f910b, org.springframework.security.web.context.SecurityContextPersistenceFilter@c7cbc2d, org.springframework.security.web.header.HeaderWriterFilter@63e40188, org.springframework.security.web.csrf.CsrfFilter@55cf5626, org.springframework.security.web.authentication.logout.LogoutFilter@543a7605, org.springframework.security.web.authentication.UsernamePasswordAuthenticationFilter@3c5cb013, org.springframework.security.web.authentication.ui.DefaultLoginPageGeneratingFilter@6d387e9b, org.springframework.security.web.authentication.ui.DefaultLogoutPageGeneratingFilter@f451970, org.springframework.security.web.authentication.www.BasicAuthenticationFilter@560c3758, org.springframework.security.web.savedrequest.RequestCacheAwareFilter@3f919230, org.springframework.security.web.servletapi.SecurityContextHolderAwareRequestFilter@66c32e15, org.springframework.security.web.authentication.AnonymousAuthenticationFilter@4a7c8cb7, org.springframework.security.web.session.SessionManagementFilter@535b4dbf, org.springframework.security.web.access.ExceptionTranslationFilter@5f1a3c4, org.springframework.security.web.access.intercept.FilterSecurityInterceptor@1002f859]
[2018-11-30 17:06:15] INFO  org.springframework.boot.actuate.endpoint.web.EndpointLinksResolver - Exposing 2 endpoint(s) beneath base path '/actuator'
[2018-11-30 17:06:15] INFO  com.sample.springboot.RedisTests - Started RedisTests in 11.703 seconds (JVM running for 13.751)
[2018-11-30 17:06:15] INFO  org.springframework.scheduling.concurrent.ThreadPoolTaskExecutor - Shutting down ExecutorService 'applicationTaskExecutor'
[2018-11-30 17:06:31] INFO  com.sample.springboot.RedisTests - Starting RedisTests on jianglingjundeMacBook-Pro.local with PID 6533 (started by jianglingjun in /Users/jianglingjun/Document/Projects/Java/spring-boot-examples/spring-boot-sample)
[2018-11-30 17:06:31] INFO  com.sample.springboot.RedisTests - The following profiles are active: test
[2018-11-30 17:06:32] INFO  org.springframework.data.repository.config.RepositoryConfigurationDelegate - Multiple Spring Data modules found, entering strict repository configuration mode!
[2018-11-30 17:06:32] INFO  org.springframework.data.repository.config.RepositoryConfigurationDelegate - Bootstrapping Spring Data repositories in DEFAULT mode.
[2018-11-30 17:06:32] INFO  org.springframework.data.repository.config.RepositoryConfigurationDelegate - Finished Spring Data repository scanning in 398ms. Found 1 repository interfaces.
[2018-11-30 17:06:33] INFO  org.springframework.data.repository.config.RepositoryConfigurationDelegate - Multiple Spring Data modules found, entering strict repository configuration mode!
[2018-11-30 17:06:33] INFO  org.springframework.data.repository.config.RepositoryConfigurationDelegate - Bootstrapping Spring Data repositories in DEFAULT mode.
[2018-11-30 17:06:33] INFO  org.springframework.data.repository.config.RepositoryConfigurationExtensionSupport - Spring Data Redis - Could not safely identify store assignment for repository candidate interface com.sample.springboot.repository.mongo.UserRepository.
[2018-11-30 17:06:33] INFO  org.springframework.data.repository.config.RepositoryConfigurationDelegate - Finished Spring Data repository scanning in 25ms. Found 0 repository interfaces.
[2018-11-30 17:06:33] INFO  org.springframework.context.support.PostProcessorRegistrationDelegate$BeanPostProcessorChecker - Bean 'org.springframework.kafka.annotation.KafkaBootstrapConfiguration' of type [org.springframework.kafka.annotation.KafkaBootstrapConfiguration$$EnhancerBySpringCGLIB$$f73a7c33] is not eligible for getting processed by all BeanPostProcessors (for example: not eligible for auto-proxying)
[2018-11-30 17:06:34] INFO  org.springframework.context.support.PostProcessorRegistrationDelegate$BeanPostProcessorChecker - Bean 'org.springframework.transaction.annotation.ProxyTransactionManagementConfiguration' of type [org.springframework.transaction.annotation.ProxyTransactionManagementConfiguration$$EnhancerBySpringCGLIB$$23886ab0] is not eligible for getting processed by all BeanPostProcessors (for example: not eligible for auto-proxying)
[2018-11-30 17:06:34] INFO  org.mongodb.driver.cluster - Cluster created with settings {hosts=[localhost:27017], mode=SINGLE, requiredClusterType=UNKNOWN, serverSelectionTimeout='30000 ms', maxWaitQueueSize=500}
[2018-11-30 17:06:34] INFO  org.mongodb.driver.cluster - Exception in monitor thread while connecting to server localhost:27017
com.mongodb.MongoSocketOpenException: Exception opening socket
	at com.mongodb.internal.connection.SocketStream.open(SocketStream.java:67)
	at com.mongodb.internal.connection.InternalStreamConnection.open(InternalStreamConnection.java:126)
	at com.mongodb.internal.connection.DefaultServerMonitor$ServerMonitorRunnable.run(DefaultServerMonitor.java:117)
	at java.lang.Thread.run(Thread.java:748)
Caused by: java.net.ConnectException: Connection refused (Connection refused)
	at java.net.PlainSocketImpl.socketConnect(Native Method)
	at java.net.AbstractPlainSocketImpl.doConnect(AbstractPlainSocketImpl.java:350)
	at java.net.AbstractPlainSocketImpl.connectToAddress(AbstractPlainSocketImpl.java:206)
	at java.net.AbstractPlainSocketImpl.connect(AbstractPlainSocketImpl.java:188)
	at java.net.SocksSocketImpl.connect(SocksSocketImpl.java:392)
	at java.net.Socket.connect(Socket.java:589)
	at com.mongodb.internal.connection.SocketStreamHelper.initialize(SocketStreamHelper.java:64)
	at com.mongodb.internal.connection.SocketStream.open(SocketStream.java:62)
	... 3 common frames omitted
[2018-11-30 17:06:36] INFO  org.springframework.scheduling.concurrent.ThreadPoolTaskExecutor - Initializing ExecutorService 'applicationTaskExecutor'
[2018-11-30 17:06:39] INFO  org.springframework.boot.autoconfigure.security.servlet.UserDetailsServiceAutoConfiguration - 

Using generated security password: 757c0caf-6a36-4397-9a13-72949c403257

[2018-11-30 17:06:40] INFO  org.springframework.security.web.DefaultSecurityFilterChain - Creating filter chain: any request, [org.springframework.security.web.context.request.async.WebAsyncManagerIntegrationFilter@125ba798, org.springframework.security.web.context.SecurityContextPersistenceFilter@115924ba, org.springframework.security.web.header.HeaderWriterFilter@296949c8, org.springframework.security.web.csrf.CsrfFilter@2487b621, org.springframework.security.web.authentication.logout.LogoutFilter@215f8d7, org.springframework.security.web.authentication.UsernamePasswordAuthenticationFilter@43cf97a8, org.springframework.security.web.authentication.ui.DefaultLoginPageGeneratingFilter@dc3eda6, org.springframework.security.web.authentication.ui.DefaultLogoutPageGeneratingFilter@3458be63, org.springframework.security.web.authentication.www.BasicAuthenticationFilter@3398ed12, org.springframework.security.web.savedrequest.RequestCacheAwareFilter@252d2ac0, org.springframework.security.web.servletapi.SecurityContextHolderAwareRequestFilter@5ca006ac, org.springframework.security.web.authentication.AnonymousAuthenticationFilter@43c20142, org.springframework.security.web.session.SessionManagementFilter@33502cfe, org.springframework.security.web.access.ExceptionTranslationFilter@74ab8610, org.springframework.security.web.access.intercept.FilterSecurityInterceptor@7a491a60]
[2018-11-30 17:06:40] INFO  org.springframework.boot.actuate.endpoint.web.EndpointLinksResolver - Exposing 2 endpoint(s) beneath base path '/actuator'
[2018-11-30 17:06:40] INFO  com.sample.springboot.RedisTests - Started RedisTests in 10.607 seconds (JVM running for 12.633)
[2018-11-30 17:06:53] INFO  org.springframework.scheduling.concurrent.ThreadPoolTaskExecutor - Shutting down ExecutorService 'applicationTaskExecutor'
[2018-11-30 17:21:19] INFO  com.sample.springboot.RedisTests - Starting RedisTests on jianglingjundeMacBook-Pro.local with PID 6662 (started by jianglingjun in /Users/jianglingjun/Document/Projects/Java/spring-boot-examples/spring-boot-sample)
[2018-11-30 17:21:19] INFO  com.sample.springboot.RedisTests - The following profiles are active: test
[2018-11-30 17:21:21] INFO  org.springframework.data.repository.config.RepositoryConfigurationDelegate - Multiple Spring Data modules found, entering strict repository configuration mode!
[2018-11-30 17:21:21] INFO  org.springframework.data.repository.config.RepositoryConfigurationDelegate - Bootstrapping Spring Data repositories in DEFAULT mode.
[2018-11-30 17:21:21] INFO  org.springframework.data.repository.config.RepositoryConfigurationDelegate - Finished Spring Data repository scanning in 456ms. Found 1 repository interfaces.
[2018-11-30 17:21:21] INFO  org.springframework.data.repository.config.RepositoryConfigurationDelegate - Multiple Spring Data modules found, entering strict repository configuration mode!
[2018-11-30 17:21:21] INFO  org.springframework.data.repository.config.RepositoryConfigurationDelegate - Bootstrapping Spring Data repositories in DEFAULT mode.
[2018-11-30 17:21:21] INFO  org.springframework.data.repository.config.RepositoryConfigurationExtensionSupport - Spring Data Redis - Could not safely identify store assignment for repository candidate interface com.sample.springboot.repository.mongo.UserRepository.
[2018-11-30 17:21:21] INFO  org.springframework.data.repository.config.RepositoryConfigurationDelegate - Finished Spring Data repository scanning in 26ms. Found 0 repository interfaces.
[2018-11-30 17:21:22] WARN  org.springframework.web.context.support.GenericWebApplicationContext - Exception encountered during context initialization - cancelling refresh attempt: org.springframework.beans.factory.BeanDefinitionStoreException: Invalid bean definition with name 'shardedJedisPool' defined in class path resource [redis/spring_redis.xml]: Could not resolve placeholder 'redis.slaver.host' in value "${redis.slaver.host}"; nested exception is java.lang.IllegalArgumentException: Could not resolve placeholder 'redis.slaver.host' in value "${redis.slaver.host}"
[2018-11-30 17:21:22] INFO  org.springframework.boot.autoconfigure.logging.ConditionEvaluationReportLoggingListener - 

Error starting ApplicationContext. To display the conditions report re-run your application with 'debug' enabled.
[2018-11-30 17:21:22] ERROR org.springframework.boot.SpringApplication - Application run failed
org.springframework.beans.factory.BeanDefinitionStoreException: Invalid bean definition with name 'shardedJedisPool' defined in class path resource [redis/spring_redis.xml]: Could not resolve placeholder 'redis.slaver.host' in value "${redis.slaver.host}"; nested exception is java.lang.IllegalArgumentException: Could not resolve placeholder 'redis.slaver.host' in value "${redis.slaver.host}"
	at org.springframework.beans.factory.config.PlaceholderConfigurerSupport.doProcessProperties(PlaceholderConfigurerSupport.java:228)
	at org.springframework.context.support.PropertySourcesPlaceholderConfigurer.processProperties(PropertySourcesPlaceholderConfigurer.java:182)
	at org.springframework.context.support.PropertySourcesPlaceholderConfigurer.postProcessBeanFactory(PropertySourcesPlaceholderConfigurer.java:157)
	at org.springframework.context.support.PostProcessorRegistrationDelegate.invokeBeanFactoryPostProcessors(PostProcessorRegistrationDelegate.java:286)
	at org.springframework.context.support.PostProcessorRegistrationDelegate.invokeBeanFactoryPostProcessors(PostProcessorRegistrationDelegate.java:166)
	at org.springframework.context.support.AbstractApplicationContext.invokeBeanFactoryPostProcessors(AbstractApplicationContext.java:691)
	at org.springframework.context.support.AbstractApplicationContext.refresh(AbstractApplicationContext.java:528)
	at org.springframework.boot.SpringApplication.refresh(SpringApplication.java:775)
	at org.springframework.boot.SpringApplication.refreshContext(SpringApplication.java:397)
	at org.springframework.boot.SpringApplication.run(SpringApplication.java:316)
	at org.springframework.boot.test.context.SpringBootContextLoader.loadContext(SpringBootContextLoader.java:127)
	at org.springframework.test.context.cache.DefaultCacheAwareContextLoaderDelegate.loadContextInternal(DefaultCacheAwareContextLoaderDelegate.java:99)
	at org.springframework.test.context.cache.DefaultCacheAwareContextLoaderDelegate.loadContext(DefaultCacheAwareContextLoaderDelegate.java:117)
	at org.springframework.test.context.support.DefaultTestContext.getApplicationContext(DefaultTestContext.java:108)
	at org.springframework.test.context.web.ServletTestExecutionListener.setUpRequestContextIfNecessary(ServletTestExecutionListener.java:190)
	at org.springframework.test.context.web.ServletTestExecutionListener.prepareTestInstance(ServletTestExecutionListener.java:132)
	at org.springframework.test.context.TestContextManager.prepareTestInstance(TestContextManager.java:246)
	at org.springframework.test.context.junit4.SpringJUnit4ClassRunner.createTest(SpringJUnit4ClassRunner.java:227)
	at org.springframework.test.context.junit4.SpringJUnit4ClassRunner$1.runReflectiveCall(SpringJUnit4ClassRunner.java:289)
	at org.junit.internal.runners.model.ReflectiveCallable.run(ReflectiveCallable.java:12)
	at org.springframework.test.context.junit4.SpringJUnit4ClassRunner.methodBlock(SpringJUnit4ClassRunner.java:291)
	at org.springframework.test.context.junit4.SpringJUnit4ClassRunner.runChild(SpringJUnit4ClassRunner.java:246)
	at org.springframework.test.context.junit4.SpringJUnit4ClassRunner.runChild(SpringJUnit4ClassRunner.java:97)
	at org.junit.runners.ParentRunner$3.run(ParentRunner.java:290)
	at org.junit.runners.ParentRunner$1.schedule(ParentRunner.java:71)
	at org.junit.runners.ParentRunner.runChildren(ParentRunner.java:288)
	at org.junit.runners.ParentRunner.access$000(ParentRunner.java:58)
	at org.junit.runners.ParentRunner$2.evaluate(ParentRunner.java:268)
	at org.springframework.test.context.junit4.statements.RunBeforeTestClassCallbacks.evaluate(RunBeforeTestClassCallbacks.java:61)
	at org.springframework.test.context.junit4.statements.RunAfterTestClassCallbacks.evaluate(RunAfterTestClassCallbacks.java:70)
	at org.junit.runners.ParentRunner.run(ParentRunner.java:363)
	at org.springframework.test.context.junit4.SpringJUnit4ClassRunner.run(SpringJUnit4ClassRunner.java:190)
	at org.junit.runner.JUnitCore.run(JUnitCore.java:137)
	at com.intellij.junit4.JUnit4IdeaTestRunner.startRunnerWithArgs(JUnit4IdeaTestRunner.java:68)
	at com.intellij.rt.execution.junit.IdeaTestRunner$Repeater.startRunnerWithArgs(IdeaTestRunner.java:47)
	at com.intellij.rt.execution.junit.JUnitStarter.prepareStreamsAndStart(JUnitStarter.java:242)
	at com.intellij.rt.execution.junit.JUnitStarter.main(JUnitStarter.java:70)
Caused by: java.lang.IllegalArgumentException: Could not resolve placeholder 'redis.slaver.host' in value "${redis.slaver.host}"
	at org.springframework.util.PropertyPlaceholderHelper.parseStringValue(PropertyPlaceholderHelper.java:172)
	at org.springframework.util.PropertyPlaceholderHelper.replacePlaceholders(PropertyPlaceholderHelper.java:124)
	at org.springframework.core.env.AbstractPropertyResolver.doResolvePlaceholders(AbstractPropertyResolver.java:237)
	at org.springframework.core.env.AbstractPropertyResolver.resolveRequiredPlaceholders(AbstractPropertyResolver.java:211)
	at org.springframework.context.support.PropertySourcesPlaceholderConfigurer.lambda$processProperties$0(PropertySourcesPlaceholderConfigurer.java:175)
	at org.springframework.beans.factory.config.BeanDefinitionVisitor.resolveStringValue(BeanDefinitionVisitor.java:296)
	at org.springframework.beans.factory.config.BeanDefinitionVisitor.resolveValue(BeanDefinitionVisitor.java:217)
	at org.springframework.beans.factory.config.BeanDefinitionVisitor.visitIndexedArgumentValues(BeanDefinitionVisitor.java:156)
	at org.springframework.beans.factory.config.BeanDefinitionVisitor.visitBeanDefinition(BeanDefinitionVisitor.java:89)
	at org.springframework.beans.factory.config.BeanDefinitionVisitor.resolveValue(BeanDefinitionVisitor.java:179)
	at org.springframework.beans.factory.config.BeanDefinitionVisitor.visitList(BeanDefinitionVisitor.java:241)
	at org.springframework.beans.factory.config.BeanDefinitionVisitor.resolveValue(BeanDefinitionVisitor.java:205)
	at org.springframework.beans.factory.config.BeanDefinitionVisitor.visitIndexedArgumentValues(BeanDefinitionVisitor.java:156)
	at org.springframework.beans.factory.config.BeanDefinitionVisitor.visitBeanDefinition(BeanDefinitionVisitor.java:89)
	at org.springframework.beans.factory.config.PlaceholderConfigurerSupport.doProcessProperties(PlaceholderConfigurerSupport.java:225)
	... 36 common frames omitted
[2018-11-30 17:21:22] ERROR org.springframework.test.context.TestContextManager - Caught exception while allowing TestExecutionListener [org.springframework.test.context.web.ServletTestExecutionListener@fa4c865] to prepare test instance [com.sample.springboot.RedisTests@6a5e167a]
java.lang.IllegalStateException: Failed to load ApplicationContext
	at org.springframework.test.context.cache.DefaultCacheAwareContextLoaderDelegate.loadContext(DefaultCacheAwareContextLoaderDelegate.java:125)
	at org.springframework.test.context.support.DefaultTestContext.getApplicationContext(DefaultTestContext.java:108)
	at org.springframework.test.context.web.ServletTestExecutionListener.setUpRequestContextIfNecessary(ServletTestExecutionListener.java:190)
	at org.springframework.test.context.web.ServletTestExecutionListener.prepareTestInstance(ServletTestExecutionListener.java:132)
	at org.springframework.test.context.TestContextManager.prepareTestInstance(TestContextManager.java:246)
	at org.springframework.test.context.junit4.SpringJUnit4ClassRunner.createTest(SpringJUnit4ClassRunner.java:227)
	at org.springframework.test.context.junit4.SpringJUnit4ClassRunner$1.runReflectiveCall(SpringJUnit4ClassRunner.java:289)
	at org.junit.internal.runners.model.ReflectiveCallable.run(ReflectiveCallable.java:12)
	at org.springframework.test.context.junit4.SpringJUnit4ClassRunner.methodBlock(SpringJUnit4ClassRunner.java:291)
	at org.springframework.test.context.junit4.SpringJUnit4ClassRunner.runChild(SpringJUnit4ClassRunner.java:246)
	at org.springframework.test.context.junit4.SpringJUnit4ClassRunner.runChild(SpringJUnit4ClassRunner.java:97)
	at org.junit.runners.ParentRunner$3.run(ParentRunner.java:290)
	at org.junit.runners.ParentRunner$1.schedule(ParentRunner.java:71)
	at org.junit.runners.ParentRunner.runChildren(ParentRunner.java:288)
	at org.junit.runners.ParentRunner.access$000(ParentRunner.java:58)
	at org.junit.runners.ParentRunner$2.evaluate(ParentRunner.java:268)
	at org.springframework.test.context.junit4.statements.RunBeforeTestClassCallbacks.evaluate(RunBeforeTestClassCallbacks.java:61)
	at org.springframework.test.context.junit4.statements.RunAfterTestClassCallbacks.evaluate(RunAfterTestClassCallbacks.java:70)
	at org.junit.runners.ParentRunner.run(ParentRunner.java:363)
	at org.springframework.test.context.junit4.SpringJUnit4ClassRunner.run(SpringJUnit4ClassRunner.java:190)
	at org.junit.runner.JUnitCore.run(JUnitCore.java:137)
	at com.intellij.junit4.JUnit4IdeaTestRunner.startRunnerWithArgs(JUnit4IdeaTestRunner.java:68)
	at com.intellij.rt.execution.junit.IdeaTestRunner$Repeater.startRunnerWithArgs(IdeaTestRunner.java:47)
	at com.intellij.rt.execution.junit.JUnitStarter.prepareStreamsAndStart(JUnitStarter.java:242)
	at com.intellij.rt.execution.junit.JUnitStarter.main(JUnitStarter.java:70)
Caused by: org.springframework.beans.factory.BeanDefinitionStoreException: Invalid bean definition with name 'shardedJedisPool' defined in class path resource [redis/spring_redis.xml]: Could not resolve placeholder 'redis.slaver.host' in value "${redis.slaver.host}"; nested exception is java.lang.IllegalArgumentException: Could not resolve placeholder 'redis.slaver.host' in value "${redis.slaver.host}"
	at org.springframework.beans.factory.config.PlaceholderConfigurerSupport.doProcessProperties(PlaceholderConfigurerSupport.java:228)
	at org.springframework.context.support.PropertySourcesPlaceholderConfigurer.processProperties(PropertySourcesPlaceholderConfigurer.java:182)
	at org.springframework.context.support.PropertySourcesPlaceholderConfigurer.postProcessBeanFactory(PropertySourcesPlaceholderConfigurer.java:157)
	at org.springframework.context.support.PostProcessorRegistrationDelegate.invokeBeanFactoryPostProcessors(PostProcessorRegistrationDelegate.java:286)
	at org.springframework.context.support.PostProcessorRegistrationDelegate.invokeBeanFactoryPostProcessors(PostProcessorRegistrationDelegate.java:166)
	at org.springframework.context.support.AbstractApplicationContext.invokeBeanFactoryPostProcessors(AbstractApplicationContext.java:691)
	at org.springframework.context.support.AbstractApplicationContext.refresh(AbstractApplicationContext.java:528)
	at org.springframework.boot.SpringApplication.refresh(SpringApplication.java:775)
	at org.springframework.boot.SpringApplication.refreshContext(SpringApplication.java:397)
	at org.springframework.boot.SpringApplication.run(SpringApplication.java:316)
	at org.springframework.boot.test.context.SpringBootContextLoader.loadContext(SpringBootContextLoader.java:127)
	at org.springframework.test.context.cache.DefaultCacheAwareContextLoaderDelegate.loadContextInternal(DefaultCacheAwareContextLoaderDelegate.java:99)
	at org.springframework.test.context.cache.DefaultCacheAwareContextLoaderDelegate.loadContext(DefaultCacheAwareContextLoaderDelegate.java:117)
	... 24 common frames omitted
Caused by: java.lang.IllegalArgumentException: Could not resolve placeholder 'redis.slaver.host' in value "${redis.slaver.host}"
	at org.springframework.util.PropertyPlaceholderHelper.parseStringValue(PropertyPlaceholderHelper.java:172)
	at org.springframework.util.PropertyPlaceholderHelper.replacePlaceholders(PropertyPlaceholderHelper.java:124)
	at org.springframework.core.env.AbstractPropertyResolver.doResolvePlaceholders(AbstractPropertyResolver.java:237)
	at org.springframework.core.env.AbstractPropertyResolver.resolveRequiredPlaceholders(AbstractPropertyResolver.java:211)
	at org.springframework.context.support.PropertySourcesPlaceholderConfigurer.lambda$processProperties$0(PropertySourcesPlaceholderConfigurer.java:175)
	at org.springframework.beans.factory.config.BeanDefinitionVisitor.resolveStringValue(BeanDefinitionVisitor.java:296)
	at org.springframework.beans.factory.config.BeanDefinitionVisitor.resolveValue(BeanDefinitionVisitor.java:217)
	at org.springframework.beans.factory.config.BeanDefinitionVisitor.visitIndexedArgumentValues(BeanDefinitionVisitor.java:156)
	at org.springframework.beans.factory.config.BeanDefinitionVisitor.visitBeanDefinition(BeanDefinitionVisitor.java:89)
	at org.springframework.beans.factory.config.BeanDefinitionVisitor.resolveValue(BeanDefinitionVisitor.java:179)
	at org.springframework.beans.factory.config.BeanDefinitionVisitor.visitList(BeanDefinitionVisitor.java:241)
	at org.springframework.beans.factory.config.BeanDefinitionVisitor.resolveValue(BeanDefinitionVisitor.java:205)
	at org.springframework.beans.factory.config.BeanDefinitionVisitor.visitIndexedArgumentValues(BeanDefinitionVisitor.java:156)
	at org.springframework.beans.factory.config.BeanDefinitionVisitor.visitBeanDefinition(BeanDefinitionVisitor.java:89)
	at org.springframework.beans.factory.config.PlaceholderConfigurerSupport.doProcessProperties(PlaceholderConfigurerSupport.java:225)
	... 36 common frames omitted
[2018-11-30 17:21:47] INFO  com.sample.springboot.RedisTests - Starting RedisTests on jianglingjundeMacBook-Pro.local with PID 6671 (started by jianglingjun in /Users/jianglingjun/Document/Projects/Java/spring-boot-examples/spring-boot-sample)
[2018-11-30 17:21:47] INFO  com.sample.springboot.RedisTests - The following profiles are active: test
[2018-11-30 17:21:48] INFO  org.springframework.data.repository.config.RepositoryConfigurationDelegate - Multiple Spring Data modules found, entering strict repository configuration mode!
[2018-11-30 17:21:48] INFO  org.springframework.data.repository.config.RepositoryConfigurationDelegate - Bootstrapping Spring Data repositories in DEFAULT mode.
[2018-11-30 17:21:49] INFO  org.springframework.data.repository.config.RepositoryConfigurationDelegate - Finished Spring Data repository scanning in 417ms. Found 1 repository interfaces.
[2018-11-30 17:21:49] INFO  org.springframework.data.repository.config.RepositoryConfigurationDelegate - Multiple Spring Data modules found, entering strict repository configuration mode!
[2018-11-30 17:21:49] INFO  org.springframework.data.repository.config.RepositoryConfigurationDelegate - Bootstrapping Spring Data repositories in DEFAULT mode.
[2018-11-30 17:21:49] INFO  org.springframework.data.repository.config.RepositoryConfigurationExtensionSupport - Spring Data Redis - Could not safely identify store assignment for repository candidate interface com.sample.springboot.repository.mongo.UserRepository.
[2018-11-30 17:21:49] INFO  org.springframework.data.repository.config.RepositoryConfigurationDelegate - Finished Spring Data repository scanning in 22ms. Found 0 repository interfaces.
[2018-11-30 17:21:49] INFO  org.springframework.context.support.PostProcessorRegistrationDelegate$BeanPostProcessorChecker - Bean 'org.springframework.kafka.annotation.KafkaBootstrapConfiguration' of type [org.springframework.kafka.annotation.KafkaBootstrapConfiguration$$EnhancerBySpringCGLIB$$fc761a19] is not eligible for getting processed by all BeanPostProcessors (for example: not eligible for auto-proxying)
[2018-11-30 17:21:50] INFO  org.springframework.context.support.PostProcessorRegistrationDelegate$BeanPostProcessorChecker - Bean 'org.springframework.transaction.annotation.ProxyTransactionManagementConfiguration' of type [org.springframework.transaction.annotation.ProxyTransactionManagementConfiguration$$EnhancerBySpringCGLIB$$28c40896] is not eligible for getting processed by all BeanPostProcessors (for example: not eligible for auto-proxying)
[2018-11-30 17:21:50] INFO  org.mongodb.driver.cluster - Cluster created with settings {hosts=[localhost:27017], mode=SINGLE, requiredClusterType=UNKNOWN, serverSelectionTimeout='30000 ms', maxWaitQueueSize=500}
[2018-11-30 17:21:50] INFO  org.mongodb.driver.cluster - Exception in monitor thread while connecting to server localhost:27017
com.mongodb.MongoSocketOpenException: Exception opening socket
	at com.mongodb.internal.connection.SocketStream.open(SocketStream.java:67)
	at com.mongodb.internal.connection.InternalStreamConnection.open(InternalStreamConnection.java:126)
	at com.mongodb.internal.connection.DefaultServerMonitor$ServerMonitorRunnable.run(DefaultServerMonitor.java:117)
	at java.lang.Thread.run(Thread.java:748)
Caused by: java.net.ConnectException: Connection refused (Connection refused)
	at java.net.PlainSocketImpl.socketConnect(Native Method)
	at java.net.AbstractPlainSocketImpl.doConnect(AbstractPlainSocketImpl.java:350)
	at java.net.AbstractPlainSocketImpl.connectToAddress(AbstractPlainSocketImpl.java:206)
	at java.net.AbstractPlainSocketImpl.connect(AbstractPlainSocketImpl.java:188)
	at java.net.SocksSocketImpl.connect(SocksSocketImpl.java:392)
	at java.net.Socket.connect(Socket.java:589)
	at com.mongodb.internal.connection.SocketStreamHelper.initialize(SocketStreamHelper.java:64)
	at com.mongodb.internal.connection.SocketStream.open(SocketStream.java:62)
	... 3 common frames omitted
[2018-11-30 17:21:52] INFO  org.springframework.scheduling.concurrent.ThreadPoolTaskExecutor - Initializing ExecutorService 'applicationTaskExecutor'
[2018-11-30 17:21:54] INFO  org.springframework.boot.autoconfigure.security.servlet.UserDetailsServiceAutoConfiguration - 

Using generated security password: e40e4be5-d69e-4ec4-9ae9-0b6cfb38678b

[2018-11-30 17:21:54] INFO  org.springframework.security.web.DefaultSecurityFilterChain - Creating filter chain: any request, [org.springframework.security.web.context.request.async.WebAsyncManagerIntegrationFilter@275902e1, org.springframework.security.web.context.SecurityContextPersistenceFilter@197d5a87, org.springframework.security.web.header.HeaderWriterFilter@1f75fd1d, org.springframework.security.web.csrf.CsrfFilter@71668a67, org.springframework.security.web.authentication.logout.LogoutFilter@41bd6a0f, org.springframework.security.web.authentication.UsernamePasswordAuthenticationFilter@4946485c, org.springframework.security.web.authentication.ui.DefaultLoginPageGeneratingFilter@15a484a9, org.springframework.security.web.authentication.ui.DefaultLogoutPageGeneratingFilter@1c788d08, org.springframework.security.web.authentication.www.BasicAuthenticationFilter@459e120b, org.springframework.security.web.savedrequest.RequestCacheAwareFilter@616f81b5, org.springframework.security.web.servletapi.SecurityContextHolderAwareRequestFilter@5e681097, org.springframework.security.web.authentication.AnonymousAuthenticationFilter@2adc1e84, org.springframework.security.web.session.SessionManagementFilter@638d2ce3, org.springframework.security.web.access.ExceptionTranslationFilter@1cb44a2f, org.springframework.security.web.access.intercept.FilterSecurityInterceptor@290807e5]
[2018-11-30 17:21:54] INFO  org.springframework.boot.actuate.endpoint.web.EndpointLinksResolver - Exposing 2 endpoint(s) beneath base path '/actuator'
[2018-11-30 17:21:55] INFO  com.sample.springboot.RedisTests - Started RedisTests in 8.587 seconds (JVM running for 9.962)
[2018-11-30 17:21:55] INFO  org.springframework.scheduling.concurrent.ThreadPoolTaskExecutor - Shutting down ExecutorService 'applicationTaskExecutor'
[2018-11-30 17:23:49] INFO  com.sample.springboot.RedisTests - Starting RedisTests on jianglingjundeMacBook-Pro.local with PID 6698 (started by jianglingjun in /Users/jianglingjun/Document/Projects/Java/spring-boot-examples/spring-boot-sample)
[2018-11-30 17:23:49] INFO  com.sample.springboot.RedisTests - The following profiles are active: test
[2018-11-30 17:23:50] INFO  org.springframework.data.repository.config.RepositoryConfigurationDelegate - Multiple Spring Data modules found, entering strict repository configuration mode!
[2018-11-30 17:23:50] INFO  org.springframework.data.repository.config.RepositoryConfigurationDelegate - Bootstrapping Spring Data repositories in DEFAULT mode.
[2018-11-30 17:23:51] INFO  org.springframework.data.repository.config.RepositoryConfigurationDelegate - Finished Spring Data repository scanning in 454ms. Found 1 repository interfaces.
[2018-11-30 17:23:51] INFO  org.springframework.data.repository.config.RepositoryConfigurationDelegate - Multiple Spring Data modules found, entering strict repository configuration mode!
[2018-11-30 17:23:51] INFO  org.springframework.data.repository.config.RepositoryConfigurationDelegate - Bootstrapping Spring Data repositories in DEFAULT mode.
[2018-11-30 17:23:51] INFO  org.springframework.data.repository.config.RepositoryConfigurationExtensionSupport - Spring Data Redis - Could not safely identify store assignment for repository candidate interface com.sample.springboot.repository.mongo.UserRepository.
[2018-11-30 17:23:51] INFO  org.springframework.data.repository.config.RepositoryConfigurationDelegate - Finished Spring Data repository scanning in 26ms. Found 0 repository interfaces.
[2018-11-30 17:23:52] INFO  org.springframework.context.support.PostProcessorRegistrationDelegate$BeanPostProcessorChecker - Bean 'org.springframework.kafka.annotation.KafkaBootstrapConfiguration' of type [org.springframework.kafka.annotation.KafkaBootstrapConfiguration$$EnhancerBySpringCGLIB$$582a1e4e] is not eligible for getting processed by all BeanPostProcessors (for example: not eligible for auto-proxying)
[2018-11-30 17:23:52] INFO  org.springframework.context.support.PostProcessorRegistrationDelegate$BeanPostProcessorChecker - Bean 'org.springframework.transaction.annotation.ProxyTransactionManagementConfiguration' of type [org.springframework.transaction.annotation.ProxyTransactionManagementConfiguration$$EnhancerBySpringCGLIB$$84780ccb] is not eligible for getting processed by all BeanPostProcessors (for example: not eligible for auto-proxying)
[2018-11-30 17:23:53] INFO  org.mongodb.driver.cluster - Cluster created with settings {hosts=[localhost:27017], mode=SINGLE, requiredClusterType=UNKNOWN, serverSelectionTimeout='30000 ms', maxWaitQueueSize=500}
[2018-11-30 17:23:53] INFO  org.mongodb.driver.cluster - Exception in monitor thread while connecting to server localhost:27017
com.mongodb.MongoSocketOpenException: Exception opening socket
	at com.mongodb.internal.connection.SocketStream.open(SocketStream.java:67)
	at com.mongodb.internal.connection.InternalStreamConnection.open(InternalStreamConnection.java:126)
	at com.mongodb.internal.connection.DefaultServerMonitor$ServerMonitorRunnable.run(DefaultServerMonitor.java:117)
	at java.lang.Thread.run(Thread.java:748)
Caused by: java.net.ConnectException: Connection refused (Connection refused)
	at java.net.PlainSocketImpl.socketConnect(Native Method)
	at java.net.AbstractPlainSocketImpl.doConnect(AbstractPlainSocketImpl.java:350)
	at java.net.AbstractPlainSocketImpl.connectToAddress(AbstractPlainSocketImpl.java:206)
	at java.net.AbstractPlainSocketImpl.connect(AbstractPlainSocketImpl.java:188)
	at java.net.SocksSocketImpl.connect(SocksSocketImpl.java:392)
	at java.net.Socket.connect(Socket.java:589)
	at com.mongodb.internal.connection.SocketStreamHelper.initialize(SocketStreamHelper.java:64)
	at com.mongodb.internal.connection.SocketStream.open(SocketStream.java:62)
	... 3 common frames omitted
[2018-11-30 17:23:54] INFO  org.springframework.scheduling.concurrent.ThreadPoolTaskExecutor - Initializing ExecutorService 'applicationTaskExecutor'
[2018-11-30 17:23:56] INFO  org.springframework.boot.autoconfigure.security.servlet.UserDetailsServiceAutoConfiguration - 

Using generated security password: 36812208-9341-4a08-a5b4-a7f8edb1e57d

[2018-11-30 17:23:56] INFO  org.springframework.security.web.DefaultSecurityFilterChain - Creating filter chain: any request, [org.springframework.security.web.context.request.async.WebAsyncManagerIntegrationFilter@6fd9dbe6, org.springframework.security.web.context.SecurityContextPersistenceFilter@20a9f5fb, org.springframework.security.web.header.HeaderWriterFilter@40538370, org.springframework.security.web.csrf.CsrfFilter@571d0925, org.springframework.security.web.authentication.logout.LogoutFilter@51e94b7d, org.springframework.security.web.authentication.UsernamePasswordAuthenticationFilter@2e93108a, org.springframework.security.web.authentication.ui.DefaultLoginPageGeneratingFilter@2c2aab92, org.springframework.security.web.authentication.ui.DefaultLogoutPageGeneratingFilter@7b3085a3, org.springframework.security.web.authentication.www.BasicAuthenticationFilter@6630dd28, org.springframework.security.web.savedrequest.RequestCacheAwareFilter@340c57e0, org.springframework.security.web.servletapi.SecurityContextHolderAwareRequestFilter@5b1ff8cd, org.springframework.security.web.authentication.AnonymousAuthenticationFilter@70022d44, org.springframework.security.web.session.SessionManagementFilter@18faaff6, org.springframework.security.web.access.ExceptionTranslationFilter@3a8fb023, org.springframework.security.web.access.intercept.FilterSecurityInterceptor@563843f1]
[2018-11-30 17:23:57] INFO  org.springframework.boot.actuate.endpoint.web.EndpointLinksResolver - Exposing 2 endpoint(s) beneath base path '/actuator'
[2018-11-30 17:23:57] INFO  com.sample.springboot.RedisTests - Started RedisTests in 8.978 seconds (JVM running for 10.575)
[2018-11-30 17:23:57] INFO  org.springframework.scheduling.concurrent.ThreadPoolTaskExecutor - Shutting down ExecutorService 'applicationTaskExecutor'
[2018-11-30 17:37:37] INFO  com.sample.springboot.RedisTests - Starting RedisTests on jianglingjundeMacBook-Pro.local with PID 6838 (started by jianglingjun in /Users/jianglingjun/Document/Projects/Java/spring-boot-examples/spring-boot-sample)
[2018-11-30 17:37:37] INFO  com.sample.springboot.RedisTests - The following profiles are active: test
[2018-11-30 17:37:38] INFO  org.springframework.data.repository.config.RepositoryConfigurationDelegate - Multiple Spring Data modules found, entering strict repository configuration mode!
[2018-11-30 17:37:38] INFO  org.springframework.data.repository.config.RepositoryConfigurationDelegate - Bootstrapping Spring Data repositories in DEFAULT mode.
[2018-11-30 17:37:39] INFO  org.springframework.data.repository.config.RepositoryConfigurationDelegate - Finished Spring Data repository scanning in 395ms. Found 1 repository interfaces.
[2018-11-30 17:37:39] INFO  org.springframework.data.repository.config.RepositoryConfigurationDelegate - Multiple Spring Data modules found, entering strict repository configuration mode!
[2018-11-30 17:37:39] INFO  org.springframework.data.repository.config.RepositoryConfigurationDelegate - Bootstrapping Spring Data repositories in DEFAULT mode.
[2018-11-30 17:37:39] INFO  org.springframework.data.repository.config.RepositoryConfigurationExtensionSupport - Spring Data Redis - Could not safely identify store assignment for repository candidate interface com.sample.springboot.repository.mongo.UserRepository.
[2018-11-30 17:37:39] INFO  org.springframework.data.repository.config.RepositoryConfigurationDelegate - Finished Spring Data repository scanning in 32ms. Found 0 repository interfaces.
[2018-11-30 17:37:40] INFO  org.springframework.context.support.PostProcessorRegistrationDelegate$BeanPostProcessorChecker - Bean 'org.springframework.kafka.annotation.KafkaBootstrapConfiguration' of type [org.springframework.kafka.annotation.KafkaBootstrapConfiguration$$EnhancerBySpringCGLIB$$8d408b1d] is not eligible for getting processed by all BeanPostProcessors (for example: not eligible for auto-proxying)
[2018-11-30 17:37:40] INFO  org.springframework.context.support.PostProcessorRegistrationDelegate$BeanPostProcessorChecker - Bean 'org.springframework.transaction.annotation.ProxyTransactionManagementConfiguration' of type [org.springframework.transaction.annotation.ProxyTransactionManagementConfiguration$$EnhancerBySpringCGLIB$$b98e799a] is not eligible for getting processed by all BeanPostProcessors (for example: not eligible for auto-proxying)
[2018-11-30 17:37:40] INFO  org.mongodb.driver.cluster - Cluster created with settings {hosts=[localhost:27017], mode=SINGLE, requiredClusterType=UNKNOWN, serverSelectionTimeout='30000 ms', maxWaitQueueSize=500}
[2018-11-30 17:37:40] INFO  org.mongodb.driver.cluster - Exception in monitor thread while connecting to server localhost:27017
com.mongodb.MongoSocketOpenException: Exception opening socket
	at com.mongodb.internal.connection.SocketStream.open(SocketStream.java:67)
	at com.mongodb.internal.connection.InternalStreamConnection.open(InternalStreamConnection.java:126)
	at com.mongodb.internal.connection.DefaultServerMonitor$ServerMonitorRunnable.run(DefaultServerMonitor.java:117)
	at java.lang.Thread.run(Thread.java:748)
Caused by: java.net.ConnectException: Connection refused (Connection refused)
	at java.net.PlainSocketImpl.socketConnect(Native Method)
	at java.net.AbstractPlainSocketImpl.doConnect(AbstractPlainSocketImpl.java:350)
	at java.net.AbstractPlainSocketImpl.connectToAddress(AbstractPlainSocketImpl.java:206)
	at java.net.AbstractPlainSocketImpl.connect(AbstractPlainSocketImpl.java:188)
	at java.net.SocksSocketImpl.connect(SocksSocketImpl.java:392)
	at java.net.Socket.connect(Socket.java:589)
	at com.mongodb.internal.connection.SocketStreamHelper.initialize(SocketStreamHelper.java:64)
	at com.mongodb.internal.connection.SocketStream.open(SocketStream.java:62)
	... 3 common frames omitted
[2018-11-30 17:37:42] INFO  org.springframework.scheduling.concurrent.ThreadPoolTaskExecutor - Initializing ExecutorService 'applicationTaskExecutor'
[2018-11-30 17:37:44] INFO  org.springframework.boot.autoconfigure.security.servlet.UserDetailsServiceAutoConfiguration - 

Using generated security password: 9792c9fd-1370-45f1-a4a2-f44e87329115

[2018-11-30 17:37:44] INFO  org.springframework.security.web.DefaultSecurityFilterChain - Creating filter chain: any request, [org.springframework.security.web.context.request.async.WebAsyncManagerIntegrationFilter@56499781, org.springframework.security.web.context.SecurityContextPersistenceFilter@5b6cc344, org.springframework.security.web.header.HeaderWriterFilter@65b73689, org.springframework.security.web.csrf.CsrfFilter@44e08a7a, org.springframework.security.web.authentication.logout.LogoutFilter@197d5a87, org.springframework.security.web.authentication.UsernamePasswordAuthenticationFilter@43778371, org.springframework.security.web.authentication.ui.DefaultLoginPageGeneratingFilter@1f75fd1d, org.springframework.security.web.authentication.ui.DefaultLogoutPageGeneratingFilter@43f99817, org.springframework.security.web.authentication.www.BasicAuthenticationFilter@144440f5, org.springframework.security.web.savedrequest.RequestCacheAwareFilter@83e635f, org.springframework.security.web.servletapi.SecurityContextHolderAwareRequestFilter@1cb44a2f, org.springframework.security.web.authentication.AnonymousAuthenticationFilter@2a2798a2, org.springframework.security.web.session.SessionManagementFilter@5af40e45, org.springframework.security.web.access.ExceptionTranslationFilter@71668a67, org.springframework.security.web.access.intercept.FilterSecurityInterceptor@3f908bc0]
[2018-11-30 17:37:45] INFO  org.springframework.boot.actuate.endpoint.web.EndpointLinksResolver - Exposing 2 endpoint(s) beneath base path '/actuator'
[2018-11-30 17:37:45] INFO  com.sample.springboot.RedisTests - Started RedisTests in 8.653 seconds (JVM running for 10.19)
[2018-11-30 17:37:45] INFO  org.springframework.scheduling.concurrent.ThreadPoolTaskExecutor - Shutting down ExecutorService 'applicationTaskExecutor'
[2018-11-30 17:45:02] INFO  com.sample.springboot.RedisTests - Starting RedisTests on jianglingjundeMacBook-Pro.local with PID 6896 (started by jianglingjun in /Users/jianglingjun/Document/Projects/Java/spring-boot-examples/spring-boot-sample)
[2018-11-30 17:45:02] INFO  com.sample.springboot.RedisTests - The following profiles are active: test
[2018-11-30 17:45:03] INFO  org.springframework.data.repository.config.RepositoryConfigurationDelegate - Multiple Spring Data modules found, entering strict repository configuration mode!
[2018-11-30 17:45:03] INFO  org.springframework.data.repository.config.RepositoryConfigurationDelegate - Bootstrapping Spring Data repositories in DEFAULT mode.
[2018-11-30 17:45:03] INFO  org.springframework.data.repository.config.RepositoryConfigurationDelegate - Finished Spring Data repository scanning in 442ms. Found 1 repository interfaces.
[2018-11-30 17:45:04] INFO  org.springframework.data.repository.config.RepositoryConfigurationDelegate - Multiple Spring Data modules found, entering strict repository configuration mode!
[2018-11-30 17:45:04] INFO  org.springframework.data.repository.config.RepositoryConfigurationDelegate - Bootstrapping Spring Data repositories in DEFAULT mode.
[2018-11-30 17:45:04] INFO  org.springframework.data.repository.config.RepositoryConfigurationExtensionSupport - Spring Data Redis - Could not safely identify store assignment for repository candidate interface com.sample.springboot.repository.mongo.UserRepository.
[2018-11-30 17:45:04] INFO  org.springframework.data.repository.config.RepositoryConfigurationDelegate - Finished Spring Data repository scanning in 33ms. Found 0 repository interfaces.
[2018-11-30 17:45:04] INFO  org.springframework.context.support.PostProcessorRegistrationDelegate$BeanPostProcessorChecker - Bean 'org.springframework.kafka.annotation.KafkaBootstrapConfiguration' of type [org.springframework.kafka.annotation.KafkaBootstrapConfiguration$$EnhancerBySpringCGLIB$$48bb3db2] is not eligible for getting processed by all BeanPostProcessors (for example: not eligible for auto-proxying)
[2018-11-30 17:45:05] INFO  org.springframework.context.support.PostProcessorRegistrationDelegate$BeanPostProcessorChecker - Bean 'org.springframework.transaction.annotation.ProxyTransactionManagementConfiguration' of type [org.springframework.transaction.annotation.ProxyTransactionManagementConfiguration$$EnhancerBySpringCGLIB$$75092c2f] is not eligible for getting processed by all BeanPostProcessors (for example: not eligible for auto-proxying)
[2018-11-30 17:45:05] INFO  org.mongodb.driver.cluster - Cluster created with settings {hosts=[localhost:27017], mode=SINGLE, requiredClusterType=UNKNOWN, serverSelectionTimeout='30000 ms', maxWaitQueueSize=500}
[2018-11-30 17:45:05] INFO  org.mongodb.driver.cluster - Exception in monitor thread while connecting to server localhost:27017
com.mongodb.MongoSocketOpenException: Exception opening socket
	at com.mongodb.internal.connection.SocketStream.open(SocketStream.java:67)
	at com.mongodb.internal.connection.InternalStreamConnection.open(InternalStreamConnection.java:126)
	at com.mongodb.internal.connection.DefaultServerMonitor$ServerMonitorRunnable.run(DefaultServerMonitor.java:117)
	at java.lang.Thread.run(Thread.java:748)
Caused by: java.net.ConnectException: Connection refused (Connection refused)
	at java.net.PlainSocketImpl.socketConnect(Native Method)
	at java.net.AbstractPlainSocketImpl.doConnect(AbstractPlainSocketImpl.java:350)
	at java.net.AbstractPlainSocketImpl.connectToAddress(AbstractPlainSocketImpl.java:206)
	at java.net.AbstractPlainSocketImpl.connect(AbstractPlainSocketImpl.java:188)
	at java.net.SocksSocketImpl.connect(SocksSocketImpl.java:392)
	at java.net.Socket.connect(Socket.java:589)
	at com.mongodb.internal.connection.SocketStreamHelper.initialize(SocketStreamHelper.java:64)
	at com.mongodb.internal.connection.SocketStream.open(SocketStream.java:62)
	... 3 common frames omitted
[2018-11-30 17:45:07] INFO  org.springframework.scheduling.concurrent.ThreadPoolTaskExecutor - Initializing ExecutorService 'applicationTaskExecutor'
[2018-11-30 17:45:09] INFO  org.springframework.boot.autoconfigure.security.servlet.UserDetailsServiceAutoConfiguration - 

Using generated security password: 1fdc8577-b607-47f1-ac7d-6010de60df92

[2018-11-30 17:45:09] INFO  org.springframework.security.web.DefaultSecurityFilterChain - Creating filter chain: any request, [org.springframework.security.web.context.request.async.WebAsyncManagerIntegrationFilter@1df06ecd, org.springframework.security.web.context.SecurityContextPersistenceFilter@43d6262c, org.springframework.security.web.header.HeaderWriterFilter@197d5a87, org.springframework.security.web.csrf.CsrfFilter@5af40e45, org.springframework.security.web.authentication.logout.LogoutFilter@57b130f6, org.springframework.security.web.authentication.UsernamePasswordAuthenticationFilter@34a33343, org.springframework.security.web.authentication.ui.DefaultLoginPageGeneratingFilter@41bd6a0f, org.springframework.security.web.authentication.ui.DefaultLogoutPageGeneratingFilter@57927bc9, org.springframework.security.web.authentication.www.BasicAuthenticationFilter@1c788d08, org.springframework.security.web.savedrequest.RequestCacheAwareFilter@38cf4497, org.springframework.security.web.servletapi.SecurityContextHolderAwareRequestFilter@5a2035e1, org.springframework.security.web.authentication.AnonymousAuthenticationFilter@323efafe, org.springframework.security.web.session.SessionManagementFilter@616f81b5, org.springframework.security.web.access.ExceptionTranslationFilter@638d2ce3, org.springframework.security.web.access.intercept.FilterSecurityInterceptor@2b9ecd05]
[2018-11-30 17:45:09] INFO  org.springframework.boot.actuate.endpoint.web.EndpointLinksResolver - Exposing 2 endpoint(s) beneath base path '/actuator'
[2018-11-30 17:45:10] INFO  com.sample.springboot.RedisTests - Started RedisTests in 8.939 seconds (JVM running for 10.232)
[2018-11-30 17:45:10] INFO  org.springframework.scheduling.concurrent.ThreadPoolTaskExecutor - Shutting down ExecutorService 'applicationTaskExecutor'
[2018-11-30 17:52:04] INFO  com.sample.springboot.RedisTests - Starting RedisTests on jianglingjundeMacBook-Pro.local with PID 6963 (started by jianglingjun in /Users/jianglingjun/Document/Projects/Java/spring-boot-examples/spring-boot-sample)
[2018-11-30 17:52:04] INFO  com.sample.springboot.RedisTests - The following profiles are active: test
[2018-11-30 17:52:05] INFO  org.springframework.data.repository.config.RepositoryConfigurationDelegate - Multiple Spring Data modules found, entering strict repository configuration mode!
[2018-11-30 17:52:05] INFO  org.springframework.data.repository.config.RepositoryConfigurationDelegate - Bootstrapping Spring Data repositories in DEFAULT mode.
[2018-11-30 17:52:05] INFO  org.springframework.data.repository.config.RepositoryConfigurationDelegate - Finished Spring Data repository scanning in 390ms. Found 1 repository interfaces.
[2018-11-30 17:52:06] INFO  org.springframework.data.repository.config.RepositoryConfigurationDelegate - Multiple Spring Data modules found, entering strict repository configuration mode!
[2018-11-30 17:52:06] INFO  org.springframework.data.repository.config.RepositoryConfigurationDelegate - Bootstrapping Spring Data repositories in DEFAULT mode.
[2018-11-30 17:52:06] INFO  org.springframework.data.repository.config.RepositoryConfigurationExtensionSupport - Spring Data Redis - Could not safely identify store assignment for repository candidate interface com.sample.springboot.repository.mongo.UserRepository.
[2018-11-30 17:52:06] INFO  org.springframework.data.repository.config.RepositoryConfigurationDelegate - Finished Spring Data repository scanning in 28ms. Found 0 repository interfaces.
[2018-11-30 17:52:06] INFO  org.springframework.context.support.PostProcessorRegistrationDelegate$BeanPostProcessorChecker - Bean 'org.springframework.kafka.annotation.KafkaBootstrapConfiguration' of type [org.springframework.kafka.annotation.KafkaBootstrapConfiguration$$EnhancerBySpringCGLIB$$600b669] is not eligible for getting processed by all BeanPostProcessors (for example: not eligible for auto-proxying)
[2018-11-30 17:52:06] INFO  org.springframework.context.support.PostProcessorRegistrationDelegate$BeanPostProcessorChecker - Bean 'org.springframework.transaction.annotation.ProxyTransactionManagementConfiguration' of type [org.springframework.transaction.annotation.ProxyTransactionManagementConfiguration$$EnhancerBySpringCGLIB$$324ea4e6] is not eligible for getting processed by all BeanPostProcessors (for example: not eligible for auto-proxying)
[2018-11-30 17:52:07] INFO  org.mongodb.driver.cluster - Cluster created with settings {hosts=[localhost:27017], mode=SINGLE, requiredClusterType=UNKNOWN, serverSelectionTimeout='30000 ms', maxWaitQueueSize=500}
[2018-11-30 17:52:07] INFO  org.mongodb.driver.cluster - Exception in monitor thread while connecting to server localhost:27017
com.mongodb.MongoSocketOpenException: Exception opening socket
	at com.mongodb.internal.connection.SocketStream.open(SocketStream.java:67)
	at com.mongodb.internal.connection.InternalStreamConnection.open(InternalStreamConnection.java:126)
	at com.mongodb.internal.connection.DefaultServerMonitor$ServerMonitorRunnable.run(DefaultServerMonitor.java:117)
	at java.lang.Thread.run(Thread.java:748)
Caused by: java.net.ConnectException: Connection refused (Connection refused)
	at java.net.PlainSocketImpl.socketConnect(Native Method)
	at java.net.AbstractPlainSocketImpl.doConnect(AbstractPlainSocketImpl.java:350)
	at java.net.AbstractPlainSocketImpl.connectToAddress(AbstractPlainSocketImpl.java:206)
	at java.net.AbstractPlainSocketImpl.connect(AbstractPlainSocketImpl.java:188)
	at java.net.SocksSocketImpl.connect(SocksSocketImpl.java:392)
	at java.net.Socket.connect(Socket.java:589)
	at com.mongodb.internal.connection.SocketStreamHelper.initialize(SocketStreamHelper.java:64)
	at com.mongodb.internal.connection.SocketStream.open(SocketStream.java:62)
	... 3 common frames omitted
[2018-11-30 17:52:09] INFO  org.springframework.scheduling.concurrent.ThreadPoolTaskExecutor - Initializing ExecutorService 'applicationTaskExecutor'
[2018-11-30 17:52:10] INFO  org.springframework.boot.autoconfigure.security.servlet.UserDetailsServiceAutoConfiguration - 

Using generated security password: 6566d273-23bd-4a95-9eb8-5561c2e80d88

[2018-11-30 17:52:11] INFO  org.springframework.security.web.DefaultSecurityFilterChain - Creating filter chain: any request, [org.springframework.security.web.context.request.async.WebAsyncManagerIntegrationFilter@43778371, org.springframework.security.web.context.SecurityContextPersistenceFilter@148b6f95, org.springframework.security.web.header.HeaderWriterFilter@27a90ce5, org.springframework.security.web.csrf.CsrfFilter@51d88c38, org.springframework.security.web.authentication.logout.LogoutFilter@c82ad22, org.springframework.security.web.authentication.UsernamePasswordAuthenticationFilter@45b27ad3, org.springframework.security.web.authentication.ui.DefaultLoginPageGeneratingFilter@83e635f, org.springframework.security.web.authentication.ui.DefaultLogoutPageGeneratingFilter@71beada8, org.springframework.security.web.authentication.www.BasicAuthenticationFilter@1c53bd49, org.springframework.security.web.savedrequest.RequestCacheAwareFilter@5a6efe33, org.springframework.security.web.servletapi.SecurityContextHolderAwareRequestFilter@46591e98, org.springframework.security.web.authentication.AnonymousAuthenticationFilter@17f41739, org.springframework.security.web.session.SessionManagementFilter@49a06087, org.springframework.security.web.access.ExceptionTranslationFilter@1eb9d69a, org.springframework.security.web.access.intercept.FilterSecurityInterceptor@19e801b5]
[2018-11-30 17:52:11] INFO  org.springframework.boot.actuate.endpoint.web.EndpointLinksResolver - Exposing 2 endpoint(s) beneath base path '/actuator'
[2018-11-30 17:52:11] INFO  com.sample.springboot.RedisTests - Started RedisTests in 8.896 seconds (JVM running for 10.259)
[2018-11-30 17:52:12] INFO  org.springframework.scheduling.concurrent.ThreadPoolTaskExecutor - Shutting down ExecutorService 'applicationTaskExecutor'
