[2018-08-21 15:14:20] INFO  com.example.springboot.ApplicationStartup - Starting ApplicationStartup on jianglingjundeMacBook-Pro.local with PID 4740 (/Users/jianglingjun/Document/Projects/JavaProjects/springboot/target/classes started by jianglingjun in /Users/jianglingjun/Document/Projects/JavaProjects/springboot)
[2018-08-21 15:14:20] INFO  com.example.springboot.ApplicationStartup - The following profiles are active: test
[2018-08-21 15:14:21] INFO  org.springframework.boot.web.servlet.context.AnnotationConfigServletWebServerApplicationContext - Refreshing org.springframework.boot.web.servlet.context.AnnotationConfigServletWebServerApplicationContext@7c83dc97: startup date [Tue Aug 21 15:14:21 CST 2018]; root of context hierarchy
[2018-08-21 15:14:21] INFO  org.springframework.data.repository.config.RepositoryConfigurationDelegate - Multiple Spring Data modules found, entering strict repository configuration mode!
[2018-08-21 15:14:22] INFO  org.springframework.data.repository.config.RepositoryConfigurationDelegate - Multiple Spring Data modules found, entering strict repository configuration mode!
[2018-08-21 15:14:22] INFO  org.springframework.data.repository.config.RepositoryConfigurationExtensionSupport - Spring Data Redis - Could not safely identify store assignment for repository candidate interface com.example.springboot.repository.mongo.UserRepository.
[2018-08-21 15:14:22] INFO  org.springframework.context.support.PostProcessorRegistrationDelegate$BeanPostProcessorChecker - Bean 'org.springframework.transaction.annotation.ProxyTransactionManagementConfiguration' of type [org.springframework.transaction.annotation.ProxyTransactionManagementConfiguration$$EnhancerBySpringCGLIB$$e693e4eb] is not eligible for getting processed by all BeanPostProcessors (for example: not eligible for auto-proxying)
[2018-08-21 15:14:22] INFO  org.springframework.context.support.PostProcessorRegistrationDelegate$BeanPostProcessorChecker - Bean 'redisConfig' of type [com.example.springboot.config.RedisConfig$$EnhancerBySpringCGLIB$$7ba4f69f] is not eligible for getting processed by all BeanPostProcessors (for example: not eligible for auto-proxying)
[2018-08-21 15:14:23] INFO  org.springframework.boot.web.embedded.tomcat.TomcatWebServer - Tomcat initialized with port(s): 8081 (http)
[2018-08-21 15:14:23] INFO  org.apache.coyote.http11.Http11NioProtocol - Initializing ProtocolHandler ["http-nio-8081"]
[2018-08-21 15:14:23] INFO  org.apache.catalina.core.StandardService - Starting service [Tomcat]
[2018-08-21 15:14:23] INFO  org.apache.catalina.core.StandardEngine - Starting Servlet Engine: Apache Tomcat/8.5.31
[2018-08-21 15:14:23] INFO  org.apache.catalina.core.AprLifecycleListener - The APR based Apache Tomcat Native library which allows optimal performance in production environments was not found on the java.library.path: [/Users/jianglingjun/Library/Java/Extensions:/Library/Java/Extensions:/Network/Library/Java/Extensions:/System/Library/Java/Extensions:/usr/lib/java:.]
[2018-08-21 15:14:23] INFO  org.apache.jasper.servlet.TldScanner - At least one JAR was scanned for TLDs yet contained no TLDs. Enable debug logging for this logger for a complete list of JARs that were scanned but no TLDs were found in them. Skipping unneeded JARs during scanning can improve startup time and JSP compilation time.
[2018-08-21 15:14:23] INFO  org.apache.catalina.core.ContainerBase.[Tomcat].[localhost].[/] - Initializing Spring embedded WebApplicationContext
[2018-08-21 15:14:23] INFO  org.springframework.web.context.ContextLoader - Root WebApplicationContext: initialization completed in 2356 ms
[2018-08-21 15:14:23] INFO  org.springframework.boot.web.servlet.FilterRegistrationBean - Mapping filter: 'characterEncodingFilter' to: [/*]
[2018-08-21 15:14:23] INFO  org.springframework.boot.web.servlet.FilterRegistrationBean - Mapping filter: 'CORSFilter' to: [/*]
[2018-08-21 15:14:23] INFO  org.springframework.boot.web.servlet.FilterRegistrationBean - Mapping filter: 'com.example.springboot.filters.CORSFilter' to urls: [/*]
[2018-08-21 15:14:23] INFO  org.springframework.boot.web.servlet.FilterRegistrationBean - Mapping filter: 'druidStatFilter' to urls: [/*]
[2018-08-21 15:14:23] INFO  org.springframework.boot.web.servlet.FilterRegistrationBean - Mapping filter: 'ExecuteTimeFilter' to urls: [/*]
[2018-08-21 15:14:23] INFO  org.springframework.boot.web.servlet.ServletRegistrationBean - Servlet dispatcherServlet mapped to [/]
[2018-08-21 15:14:25] INFO  org.mongodb.driver.cluster - Cluster created with settings {hosts=[192.168.33.120:27017], mode=SINGLE, requiredClusterType=UNKNOWN, serverSelectionTimeout='30000 ms', maxWaitQueueSize=500}
[2018-08-21 15:14:25] INFO  org.mongodb.driver.connection - Opened connection [connectionId{localValue:1, serverValue:945}] to 192.168.33.120:27017
[2018-08-21 15:14:25] INFO  org.mongodb.driver.cluster - Monitor thread successfully connected to server with description ServerDescription{address=192.168.33.120:27017, type=STANDALONE, state=CONNECTED, ok=true, version=ServerVersion{versionList=[4, 0, 0]}, minWireVersion=0, maxWireVersion=7, maxDocumentSize=16777216, logicalSessionTimeoutMinutes=30, roundTripTimeNanos=8385028}
[2018-08-21 15:14:26] INFO  org.springframework.web.servlet.mvc.method.annotation.RequestMappingHandlerMapping - Mapped "{[/city/findCityByName]}" onto public com.example.springboot.utils.http.NewResponseModel com.example.springboot.controller.CityController.getCityByName(java.lang.String)
[2018-08-21 15:14:26] INFO  org.springframework.web.servlet.mvc.method.annotation.RequestMappingHandlerMapping - Mapped "{[/city/findCityById],methods=[GET]}" onto public com.example.springboot.utils.http.NewResponseModel com.example.springboot.controller.CityController.getCaches(java.lang.Long)
[2018-08-21 15:14:26] INFO  org.springframework.web.servlet.mvc.method.annotation.RequestMappingHandlerMapping - Mapped "{[/city/addCity]}" onto public com.example.springboot.utils.http.NewResponseModel com.example.springboot.controller.CityController.addCity()
[2018-08-21 15:14:26] INFO  org.springframework.web.servlet.mvc.method.annotation.RequestMappingHandlerMapping - Mapped "{[/login]}" onto public java.lang.String com.example.springboot.controller.LoginController.login(javax.servlet.http.HttpSession)
[2018-08-21 15:14:26] INFO  org.springframework.web.servlet.mvc.method.annotation.RequestMappingHandlerMapping - Mapped "{[/province/getProvince],methods=[GET]}" onto public com.example.springboot.utils.http.NewResponseModel com.example.springboot.controller.ProvinceController.getProvince(java.lang.Long)
[2018-08-21 15:14:26] INFO  org.springframework.web.servlet.mvc.method.annotation.RequestMappingHandlerMapping - Mapped "{[/upload/image]}" onto public com.example.springboot.utils.http.NewResponseModel com.example.springboot.controller.QiniuUploadController.UploadImage(org.springframework.web.multipart.MultipartFile) throws java.lang.Exception
[2018-08-21 15:14:26] INFO  org.springframework.web.servlet.mvc.method.annotation.RequestMappingHandlerMapping - Mapped "{[/api/login],methods=[GET]}" onto java.lang.String com.example.springboot.controller.SpringBootController.login()
[2018-08-21 15:14:26] INFO  org.springframework.web.servlet.mvc.method.annotation.RequestMappingHandlerMapping - Mapped "{[/api/spring/index],methods=[GET]}" onto java.lang.String com.example.springboot.controller.SpringBootController.springboot()
[2018-08-21 15:14:26] INFO  org.springframework.web.servlet.mvc.method.annotation.RequestMappingHandlerMapping - Mapped "{[/api/hello/{name}],methods=[GET]}" onto public java.lang.String com.example.springboot.controller.SpringBootController.hello(java.lang.String)
[2018-08-21 15:14:26] INFO  org.springframework.web.servlet.mvc.method.annotation.RequestMappingHandlerMapping - Mapped "{[/templates/main],methods=[GET]}" onto public java.lang.String com.example.springboot.controller.ThymeleafController.index()
[2018-08-21 15:14:26] INFO  org.springframework.web.servlet.mvc.method.annotation.RequestMappingHandlerMapping - Mapped "{[/view/getView],methods=[GET]}" onto public org.springframework.web.servlet.ModelAndView com.example.springboot.controller.ViewController.view()
[2018-08-21 15:14:26] INFO  org.springframework.web.servlet.mvc.method.annotation.RequestMappingHandlerMapping - Mapped "{[/view/sample]}" onto public java.lang.String com.example.springboot.controller.ViewController.sample()
[2018-08-21 15:14:26] INFO  org.springframework.web.servlet.mvc.method.annotation.RequestMappingHandlerMapping - Mapped "{[/error]}" onto public org.springframework.http.ResponseEntity<java.util.Map<java.lang.String, java.lang.Object>> org.springframework.boot.autoconfigure.web.servlet.error.BasicErrorController.error(javax.servlet.http.HttpServletRequest)
[2018-08-21 15:14:26] INFO  org.springframework.web.servlet.mvc.method.annotation.RequestMappingHandlerMapping - Mapped "{[/error],produces=[text/html]}" onto public org.springframework.web.servlet.ModelAndView org.springframework.boot.autoconfigure.web.servlet.error.BasicErrorController.errorHtml(javax.servlet.http.HttpServletRequest,javax.servlet.http.HttpServletResponse)
[2018-08-21 15:14:26] INFO  org.springframework.web.servlet.mvc.method.annotation.RequestMappingHandlerAdapter - Looking for @ControllerAdvice: org.springframework.boot.web.servlet.context.AnnotationConfigServletWebServerApplicationContext@7c83dc97: startup date [Tue Aug 21 15:14:21 CST 2018]; root of context hierarchy
[2018-08-21 15:14:26] WARN  org.springframework.boot.autoconfigure.thymeleaf.ThymeleafAutoConfiguration$DefaultTemplateResolverConfiguration - Cannot find template location: classpath:/templates/ (please add some templates or check your Thymeleaf configuration)
[2018-08-21 15:14:27] INFO  org.springframework.jmx.export.annotation.AnnotationMBeanExporter - Registering beans for JMX exposure on startup
[2018-08-21 15:14:27] INFO  org.springframework.jmx.export.annotation.AnnotationMBeanExporter - Bean with name 'dataSource' has been autodetected for JMX exposure
[2018-08-21 15:14:27] INFO  org.springframework.jmx.export.annotation.AnnotationMBeanExporter - Located MBean 'dataSource': registering with JMX server as MBean [com.alibaba.druid.pool:name=dataSource,type=DruidDataSource]
[2018-08-21 15:14:27] INFO  org.apache.coyote.http11.Http11NioProtocol - Starting ProtocolHandler ["http-nio-8081"]
[2018-08-21 15:14:27] INFO  org.apache.tomcat.util.net.NioSelectorPool - Using a shared selector for servlet write/read
[2018-08-21 15:14:27] INFO  org.springframework.boot.web.embedded.tomcat.TomcatWebServer - Tomcat started on port(s): 8081 (http) with context path ''
[2018-08-21 15:14:27] INFO  com.example.springboot.ApplicationStartup - Started ApplicationStartup in 7.912 seconds (JVM running for 8.771)
[2018-08-21 15:14:28] INFO  org.springframework.boot.web.servlet.context.AnnotationConfigServletWebServerApplicationContext - Closing org.springframework.boot.web.servlet.context.AnnotationConfigServletWebServerApplicationContext@7c83dc97: startup date [Tue Aug 21 15:14:21 CST 2018]; root of context hierarchy
[2018-08-21 15:14:28] INFO  org.springframework.jmx.export.annotation.AnnotationMBeanExporter - Unregistering JMX-exposed beans on shutdown
[2018-08-21 15:14:28] INFO  org.springframework.jmx.export.annotation.AnnotationMBeanExporter - Unregistering JMX-exposed beans
[2018-08-21 15:16:00] INFO  com.example.springboot.ApplicationStartup - Starting ApplicationStartup on jianglingjundeMacBook-Pro.local with PID 4756 (/Users/jianglingjun/Document/Projects/JavaProjects/springboot/target/classes started by jianglingjun in /Users/jianglingjun/Document/Projects/JavaProjects/springboot)
[2018-08-21 15:16:00] INFO  com.example.springboot.ApplicationStartup - The following profiles are active: test
[2018-08-21 15:16:00] INFO  org.springframework.boot.web.servlet.context.AnnotationConfigServletWebServerApplicationContext - Refreshing org.springframework.boot.web.servlet.context.AnnotationConfigServletWebServerApplicationContext@3571b748: startup date [Tue Aug 21 15:16:00 CST 2018]; root of context hierarchy
[2018-08-21 15:16:01] INFO  org.springframework.data.repository.config.RepositoryConfigurationDelegate - Multiple Spring Data modules found, entering strict repository configuration mode!
[2018-08-21 15:16:01] INFO  org.springframework.data.repository.config.RepositoryConfigurationDelegate - Multiple Spring Data modules found, entering strict repository configuration mode!
[2018-08-21 15:16:01] INFO  org.springframework.data.repository.config.RepositoryConfigurationExtensionSupport - Spring Data Redis - Could not safely identify store assignment for repository candidate interface com.example.springboot.repository.mongo.UserRepository.
[2018-08-21 15:16:01] INFO  org.springframework.context.support.PostProcessorRegistrationDelegate$BeanPostProcessorChecker - Bean 'org.springframework.transaction.annotation.ProxyTransactionManagementConfiguration' of type [org.springframework.transaction.annotation.ProxyTransactionManagementConfiguration$$EnhancerBySpringCGLIB$$d5b85377] is not eligible for getting processed by all BeanPostProcessors (for example: not eligible for auto-proxying)
[2018-08-21 15:16:02] INFO  org.springframework.context.support.PostProcessorRegistrationDelegate$BeanPostProcessorChecker - Bean 'redisConfig' of type [com.example.springboot.config.RedisConfig$$EnhancerBySpringCGLIB$$6ac9652b] is not eligible for getting processed by all BeanPostProcessors (for example: not eligible for auto-proxying)
[2018-08-21 15:16:02] INFO  org.springframework.boot.web.embedded.tomcat.TomcatWebServer - Tomcat initialized with port(s): 8081 (http)
[2018-08-21 15:16:02] INFO  org.apache.coyote.http11.Http11NioProtocol - Initializing ProtocolHandler ["http-nio-8081"]
[2018-08-21 15:16:02] INFO  org.apache.catalina.core.StandardService - Starting service [Tomcat]
[2018-08-21 15:16:02] INFO  org.apache.catalina.core.StandardEngine - Starting Servlet Engine: Apache Tomcat/8.5.31
[2018-08-21 15:16:02] INFO  org.apache.catalina.core.AprLifecycleListener - The APR based Apache Tomcat Native library which allows optimal performance in production environments was not found on the java.library.path: [/Users/jianglingjun/Library/Java/Extensions:/Library/Java/Extensions:/Network/Library/Java/Extensions:/System/Library/Java/Extensions:/usr/lib/java:.]
[2018-08-21 15:16:02] INFO  org.apache.jasper.servlet.TldScanner - At least one JAR was scanned for TLDs yet contained no TLDs. Enable debug logging for this logger for a complete list of JARs that were scanned but no TLDs were found in them. Skipping unneeded JARs during scanning can improve startup time and JSP compilation time.
[2018-08-21 15:16:02] INFO  org.apache.catalina.core.ContainerBase.[Tomcat].[localhost].[/] - Initializing Spring embedded WebApplicationContext
[2018-08-21 15:16:02] INFO  org.springframework.web.context.ContextLoader - Root WebApplicationContext: initialization completed in 1968 ms
[2018-08-21 15:16:02] INFO  org.springframework.boot.web.servlet.FilterRegistrationBean - Mapping filter: 'characterEncodingFilter' to: [/*]
[2018-08-21 15:16:02] INFO  org.springframework.boot.web.servlet.FilterRegistrationBean - Mapping filter: 'CORSFilter' to: [/*]
[2018-08-21 15:16:02] INFO  org.springframework.boot.web.servlet.FilterRegistrationBean - Mapping filter: 'com.example.springboot.filters.CORSFilter' to urls: [/*]
[2018-08-21 15:16:02] INFO  org.springframework.boot.web.servlet.FilterRegistrationBean - Mapping filter: 'druidStatFilter' to urls: [/*]
[2018-08-21 15:16:02] INFO  org.springframework.boot.web.servlet.FilterRegistrationBean - Mapping filter: 'ExecuteTimeFilter' to urls: [/*]
[2018-08-21 15:16:02] INFO  org.springframework.boot.web.servlet.ServletRegistrationBean - Servlet dispatcherServlet mapped to [/]
[2018-08-21 15:16:03] INFO  org.mongodb.driver.cluster - Cluster created with settings {hosts=[192.168.33.120:27017], mode=SINGLE, requiredClusterType=UNKNOWN, serverSelectionTimeout='30000 ms', maxWaitQueueSize=500}
[2018-08-21 15:16:04] INFO  org.springframework.web.servlet.mvc.method.annotation.RequestMappingHandlerMapping - Mapped "{[/city/findCityByName]}" onto public com.example.springboot.utils.http.NewResponseModel com.example.springboot.controller.CityController.getCityByName(java.lang.String)
[2018-08-21 15:16:04] INFO  org.springframework.web.servlet.mvc.method.annotation.RequestMappingHandlerMapping - Mapped "{[/city/findCityById],methods=[GET]}" onto public com.example.springboot.utils.http.NewResponseModel com.example.springboot.controller.CityController.getCaches(java.lang.Long)
[2018-08-21 15:16:04] INFO  org.springframework.web.servlet.mvc.method.annotation.RequestMappingHandlerMapping - Mapped "{[/city/addCity]}" onto public com.example.springboot.utils.http.NewResponseModel com.example.springboot.controller.CityController.addCity()
[2018-08-21 15:16:04] INFO  org.springframework.web.servlet.mvc.method.annotation.RequestMappingHandlerMapping - Mapped "{[/login]}" onto public java.lang.String com.example.springboot.controller.LoginController.login(javax.servlet.http.HttpSession)
[2018-08-21 15:16:04] INFO  org.springframework.web.servlet.mvc.method.annotation.RequestMappingHandlerMapping - Mapped "{[/province/getProvince],methods=[GET]}" onto public com.example.springboot.utils.http.NewResponseModel com.example.springboot.controller.ProvinceController.getProvince(java.lang.Long)
[2018-08-21 15:16:04] INFO  org.springframework.web.servlet.mvc.method.annotation.RequestMappingHandlerMapping - Mapped "{[/upload/image]}" onto public com.example.springboot.utils.http.NewResponseModel com.example.springboot.controller.QiniuUploadController.UploadImage(org.springframework.web.multipart.MultipartFile) throws java.lang.Exception
[2018-08-21 15:16:04] INFO  org.springframework.web.servlet.mvc.method.annotation.RequestMappingHandlerMapping - Mapped "{[/api/test],methods=[POST]}" onto public java.lang.String com.example.springboot.controller.SpringBootController.test(java.lang.Long)
[2018-08-21 15:16:04] INFO  org.springframework.web.servlet.mvc.method.annotation.RequestMappingHandlerMapping - Mapped "{[/api/login],methods=[GET]}" onto java.lang.String com.example.springboot.controller.SpringBootController.login()
[2018-08-21 15:16:04] INFO  org.springframework.web.servlet.mvc.method.annotation.RequestMappingHandlerMapping - Mapped "{[/api/spring/index],methods=[GET]}" onto java.lang.String com.example.springboot.controller.SpringBootController.springboot()
[2018-08-21 15:16:04] INFO  org.springframework.web.servlet.mvc.method.annotation.RequestMappingHandlerMapping - Mapped "{[/api/hello/{name}],methods=[GET]}" onto public java.lang.String com.example.springboot.controller.SpringBootController.hello(java.lang.String)
[2018-08-21 15:16:04] INFO  org.springframework.web.servlet.mvc.method.annotation.RequestMappingHandlerMapping - Mapped "{[/templates/main],methods=[GET]}" onto public java.lang.String com.example.springboot.controller.ThymeleafController.index()
[2018-08-21 15:16:04] INFO  org.springframework.web.servlet.mvc.method.annotation.RequestMappingHandlerMapping - Mapped "{[/view/getView],methods=[GET]}" onto public org.springframework.web.servlet.ModelAndView com.example.springboot.controller.ViewController.view()
[2018-08-21 15:16:04] INFO  org.springframework.web.servlet.mvc.method.annotation.RequestMappingHandlerMapping - Mapped "{[/view/sample]}" onto public java.lang.String com.example.springboot.controller.ViewController.sample()
[2018-08-21 15:16:04] INFO  org.springframework.web.servlet.mvc.method.annotation.RequestMappingHandlerMapping - Mapped "{[/error]}" onto public org.springframework.http.ResponseEntity<java.util.Map<java.lang.String, java.lang.Object>> org.springframework.boot.autoconfigure.web.servlet.error.BasicErrorController.error(javax.servlet.http.HttpServletRequest)
[2018-08-21 15:16:04] INFO  org.springframework.web.servlet.mvc.method.annotation.RequestMappingHandlerMapping - Mapped "{[/error],produces=[text/html]}" onto public org.springframework.web.servlet.ModelAndView org.springframework.boot.autoconfigure.web.servlet.error.BasicErrorController.errorHtml(javax.servlet.http.HttpServletRequest,javax.servlet.http.HttpServletResponse)
[2018-08-21 15:16:04] INFO  org.springframework.web.servlet.mvc.method.annotation.RequestMappingHandlerAdapter - Looking for @ControllerAdvice: org.springframework.boot.web.servlet.context.AnnotationConfigServletWebServerApplicationContext@3571b748: startup date [Tue Aug 21 15:16:00 CST 2018]; root of context hierarchy
[2018-08-21 15:16:04] INFO  org.mongodb.driver.connection - Opened connection [connectionId{localValue:1, serverValue:946}] to 192.168.33.120:27017
[2018-08-21 15:16:04] INFO  org.mongodb.driver.cluster - Monitor thread successfully connected to server with description ServerDescription{address=192.168.33.120:27017, type=STANDALONE, state=CONNECTED, ok=true, version=ServerVersion{versionList=[4, 0, 0]}, minWireVersion=0, maxWireVersion=7, maxDocumentSize=16777216, logicalSessionTimeoutMinutes=30, roundTripTimeNanos=52023644}
[2018-08-21 15:16:04] WARN  org.springframework.boot.autoconfigure.thymeleaf.ThymeleafAutoConfiguration$DefaultTemplateResolverConfiguration - Cannot find template location: classpath:/templates/ (please add some templates or check your Thymeleaf configuration)
[2018-08-21 15:16:05] INFO  org.springframework.jmx.export.annotation.AnnotationMBeanExporter - Registering beans for JMX exposure on startup
[2018-08-21 15:16:05] INFO  org.springframework.jmx.export.annotation.AnnotationMBeanExporter - Bean with name 'dataSource' has been autodetected for JMX exposure
[2018-08-21 15:16:05] INFO  org.springframework.jmx.export.annotation.AnnotationMBeanExporter - Located MBean 'dataSource': registering with JMX server as MBean [com.alibaba.druid.pool:name=dataSource,type=DruidDataSource]
[2018-08-21 15:16:05] INFO  org.apache.coyote.http11.Http11NioProtocol - Starting ProtocolHandler ["http-nio-8081"]
[2018-08-21 15:16:05] INFO  org.apache.tomcat.util.net.NioSelectorPool - Using a shared selector for servlet write/read
[2018-08-21 15:16:05] INFO  org.springframework.boot.web.embedded.tomcat.TomcatWebServer - Tomcat started on port(s): 8081 (http) with context path ''
[2018-08-21 15:16:05] INFO  com.example.springboot.ApplicationStartup - Started ApplicationStartup in 5.513 seconds (JVM running for 6.619)
[2018-08-21 15:16:48] INFO  org.apache.catalina.core.ContainerBase.[Tomcat].[localhost].[/] - Initializing Spring FrameworkServlet 'dispatcherServlet'
[2018-08-21 15:16:48] INFO  org.springframework.web.servlet.DispatcherServlet - FrameworkServlet 'dispatcherServlet': initialization started
[2018-08-21 15:16:48] INFO  org.springframework.web.servlet.DispatcherServlet - FrameworkServlet 'dispatcherServlet': initialization completed in 20 ms
[2018-08-21 15:16:48] INFO  com.example.springboot.filters.ExecuteTimeFilter - request uri =/api/test, executeTime = 8ms,paramMap ={},headerMap={"content-length":"13","postman-token":"2f7aa329-69a6-412f-8b69-e4b8c8f65da2","host":"localhost:8081","content-type":"application/json","connection":"keep-alive","cache-control":"no-cache","accept-encoding":"gzip, deflate","user-agent":"PostmanRuntime/7.2.0","accept":"*/*"}
[2018-08-21 15:17:41] INFO  org.springframework.boot.web.servlet.context.AnnotationConfigServletWebServerApplicationContext - Closing org.springframework.boot.web.servlet.context.AnnotationConfigServletWebServerApplicationContext@3571b748: startup date [Tue Aug 21 15:16:00 CST 2018]; root of context hierarchy
[2018-08-21 15:17:41] INFO  org.springframework.jmx.export.annotation.AnnotationMBeanExporter - Unregistering JMX-exposed beans on shutdown
[2018-08-21 15:17:41] INFO  org.springframework.jmx.export.annotation.AnnotationMBeanExporter - Unregistering JMX-exposed beans
[2018-08-21 15:17:47] INFO  com.example.springboot.ApplicationStartup - Starting ApplicationStartup on jianglingjundeMacBook-Pro.local with PID 4769 (/Users/jianglingjun/Document/Projects/JavaProjects/springboot/target/classes started by jianglingjun in /Users/jianglingjun/Document/Projects/JavaProjects/springboot)
[2018-08-21 15:17:47] INFO  com.example.springboot.ApplicationStartup - The following profiles are active: test
[2018-08-21 15:17:47] INFO  org.springframework.boot.web.servlet.context.AnnotationConfigServletWebServerApplicationContext - Refreshing org.springframework.boot.web.servlet.context.AnnotationConfigServletWebServerApplicationContext@5b40ceb: startup date [Tue Aug 21 15:17:47 CST 2018]; root of context hierarchy
[2018-08-21 15:17:48] INFO  org.springframework.data.repository.config.RepositoryConfigurationDelegate - Multiple Spring Data modules found, entering strict repository configuration mode!
[2018-08-21 15:17:48] INFO  org.springframework.data.repository.config.RepositoryConfigurationDelegate - Multiple Spring Data modules found, entering strict repository configuration mode!
[2018-08-21 15:17:48] INFO  org.springframework.data.repository.config.RepositoryConfigurationExtensionSupport - Spring Data Redis - Could not safely identify store assignment for repository candidate interface com.example.springboot.repository.mongo.UserRepository.
[2018-08-21 15:17:48] INFO  org.springframework.context.support.PostProcessorRegistrationDelegate$BeanPostProcessorChecker - Bean 'org.springframework.transaction.annotation.ProxyTransactionManagementConfiguration' of type [org.springframework.transaction.annotation.ProxyTransactionManagementConfiguration$$EnhancerBySpringCGLIB$$316e73ab] is not eligible for getting processed by all BeanPostProcessors (for example: not eligible for auto-proxying)
[2018-08-21 15:17:48] INFO  org.springframework.context.support.PostProcessorRegistrationDelegate$BeanPostProcessorChecker - Bean 'redisConfig' of type [com.example.springboot.config.RedisConfig$$EnhancerBySpringCGLIB$$c67f855f] is not eligible for getting processed by all BeanPostProcessors (for example: not eligible for auto-proxying)
[2018-08-21 15:17:49] INFO  org.springframework.boot.web.embedded.tomcat.TomcatWebServer - Tomcat initialized with port(s): 8081 (http)
[2018-08-21 15:17:49] INFO  org.apache.coyote.http11.Http11NioProtocol - Initializing ProtocolHandler ["http-nio-8081"]
[2018-08-21 15:17:49] INFO  org.apache.catalina.core.StandardService - Starting service [Tomcat]
[2018-08-21 15:17:49] INFO  org.apache.catalina.core.StandardEngine - Starting Servlet Engine: Apache Tomcat/8.5.31
[2018-08-21 15:17:49] INFO  org.apache.catalina.core.AprLifecycleListener - The APR based Apache Tomcat Native library which allows optimal performance in production environments was not found on the java.library.path: [/Users/jianglingjun/Library/Java/Extensions:/Library/Java/Extensions:/Network/Library/Java/Extensions:/System/Library/Java/Extensions:/usr/lib/java:.]
[2018-08-21 15:17:49] INFO  org.apache.jasper.servlet.TldScanner - At least one JAR was scanned for TLDs yet contained no TLDs. Enable debug logging for this logger for a complete list of JARs that were scanned but no TLDs were found in them. Skipping unneeded JARs during scanning can improve startup time and JSP compilation time.
[2018-08-21 15:17:49] INFO  org.apache.catalina.core.ContainerBase.[Tomcat].[localhost].[/] - Initializing Spring embedded WebApplicationContext
[2018-08-21 15:17:49] INFO  org.springframework.web.context.ContextLoader - Root WebApplicationContext: initialization completed in 2183 ms
[2018-08-21 15:17:49] INFO  org.springframework.boot.web.servlet.FilterRegistrationBean - Mapping filter: 'characterEncodingFilter' to: [/*]
[2018-08-21 15:17:49] INFO  org.springframework.boot.web.servlet.FilterRegistrationBean - Mapping filter: 'CORSFilter' to: [/*]
[2018-08-21 15:17:49] INFO  org.springframework.boot.web.servlet.FilterRegistrationBean - Mapping filter: 'com.example.springboot.filters.CORSFilter' to urls: [/*]
[2018-08-21 15:17:49] INFO  org.springframework.boot.web.servlet.FilterRegistrationBean - Mapping filter: 'druidStatFilter' to urls: [/*]
[2018-08-21 15:17:49] INFO  org.springframework.boot.web.servlet.FilterRegistrationBean - Mapping filter: 'ExecuteTimeFilter' to urls: [/*]
[2018-08-21 15:17:49] INFO  org.springframework.boot.web.servlet.ServletRegistrationBean - Servlet dispatcherServlet mapped to [/]
[2018-08-21 15:17:51] INFO  org.mongodb.driver.cluster - Cluster created with settings {hosts=[192.168.33.120:27017], mode=SINGLE, requiredClusterType=UNKNOWN, serverSelectionTimeout='30000 ms', maxWaitQueueSize=500}
[2018-08-21 15:17:51] INFO  org.mongodb.driver.connection - Opened connection [connectionId{localValue:1, serverValue:947}] to 192.168.33.120:27017
[2018-08-21 15:17:51] INFO  org.mongodb.driver.cluster - Monitor thread successfully connected to server with description ServerDescription{address=192.168.33.120:27017, type=STANDALONE, state=CONNECTED, ok=true, version=ServerVersion{versionList=[4, 0, 0]}, minWireVersion=0, maxWireVersion=7, maxDocumentSize=16777216, logicalSessionTimeoutMinutes=30, roundTripTimeNanos=4328391}
[2018-08-21 15:17:52] INFO  org.springframework.web.servlet.mvc.method.annotation.RequestMappingHandlerMapping - Mapped "{[/city/addCity]}" onto public com.example.springboot.utils.http.NewResponseModel com.example.springboot.controller.CityController.addCity()
[2018-08-21 15:17:52] INFO  org.springframework.web.servlet.mvc.method.annotation.RequestMappingHandlerMapping - Mapped "{[/city/findCityByName]}" onto public com.example.springboot.utils.http.NewResponseModel com.example.springboot.controller.CityController.getCityByName(java.lang.String)
[2018-08-21 15:17:52] INFO  org.springframework.web.servlet.mvc.method.annotation.RequestMappingHandlerMapping - Mapped "{[/city/findCityById],methods=[GET]}" onto public com.example.springboot.utils.http.NewResponseModel com.example.springboot.controller.CityController.getCaches(java.lang.Long)
[2018-08-21 15:17:52] INFO  org.springframework.web.servlet.mvc.method.annotation.RequestMappingHandlerMapping - Mapped "{[/login]}" onto public java.lang.String com.example.springboot.controller.LoginController.login(javax.servlet.http.HttpSession)
[2018-08-21 15:17:52] INFO  org.springframework.web.servlet.mvc.method.annotation.RequestMappingHandlerMapping - Mapped "{[/province/getProvince],methods=[GET]}" onto public com.example.springboot.utils.http.NewResponseModel com.example.springboot.controller.ProvinceController.getProvince(java.lang.Long)
[2018-08-21 15:17:52] INFO  org.springframework.web.servlet.mvc.method.annotation.RequestMappingHandlerMapping - Mapped "{[/upload/image]}" onto public com.example.springboot.utils.http.NewResponseModel com.example.springboot.controller.QiniuUploadController.UploadImage(org.springframework.web.multipart.MultipartFile) throws java.lang.Exception
[2018-08-21 15:17:52] INFO  org.springframework.web.servlet.mvc.method.annotation.RequestMappingHandlerMapping - Mapped "{[/api/test],methods=[POST]}" onto public java.lang.String com.example.springboot.controller.SpringBootController.test(java.lang.Long)
[2018-08-21 15:17:52] INFO  org.springframework.web.servlet.mvc.method.annotation.RequestMappingHandlerMapping - Mapped "{[/api/login],methods=[GET]}" onto java.lang.String com.example.springboot.controller.SpringBootController.login()
[2018-08-21 15:17:52] INFO  org.springframework.web.servlet.mvc.method.annotation.RequestMappingHandlerMapping - Mapped "{[/api/spring/index],methods=[GET]}" onto java.lang.String com.example.springboot.controller.SpringBootController.springboot()
[2018-08-21 15:17:52] INFO  org.springframework.web.servlet.mvc.method.annotation.RequestMappingHandlerMapping - Mapped "{[/api/hello/{name}],methods=[GET]}" onto public java.lang.String com.example.springboot.controller.SpringBootController.hello(java.lang.String)
[2018-08-21 15:17:52] INFO  org.springframework.web.servlet.mvc.method.annotation.RequestMappingHandlerMapping - Mapped "{[/templates/main],methods=[GET]}" onto public java.lang.String com.example.springboot.controller.ThymeleafController.index()
[2018-08-21 15:17:52] INFO  org.springframework.web.servlet.mvc.method.annotation.RequestMappingHandlerMapping - Mapped "{[/view/getView],methods=[GET]}" onto public org.springframework.web.servlet.ModelAndView com.example.springboot.controller.ViewController.view()
[2018-08-21 15:17:52] INFO  org.springframework.web.servlet.mvc.method.annotation.RequestMappingHandlerMapping - Mapped "{[/view/sample]}" onto public java.lang.String com.example.springboot.controller.ViewController.sample()
[2018-08-21 15:17:52] INFO  org.springframework.web.servlet.mvc.method.annotation.RequestMappingHandlerMapping - Mapped "{[/error]}" onto public org.springframework.http.ResponseEntity<java.util.Map<java.lang.String, java.lang.Object>> org.springframework.boot.autoconfigure.web.servlet.error.BasicErrorController.error(javax.servlet.http.HttpServletRequest)
[2018-08-21 15:17:52] INFO  org.springframework.web.servlet.mvc.method.annotation.RequestMappingHandlerMapping - Mapped "{[/error],produces=[text/html]}" onto public org.springframework.web.servlet.ModelAndView org.springframework.boot.autoconfigure.web.servlet.error.BasicErrorController.errorHtml(javax.servlet.http.HttpServletRequest,javax.servlet.http.HttpServletResponse)
[2018-08-21 15:17:52] INFO  org.springframework.web.servlet.mvc.method.annotation.RequestMappingHandlerAdapter - Looking for @ControllerAdvice: org.springframework.boot.web.servlet.context.AnnotationConfigServletWebServerApplicationContext@5b40ceb: startup date [Tue Aug 21 15:17:47 CST 2018]; root of context hierarchy
[2018-08-21 15:17:53] WARN  org.springframework.boot.autoconfigure.thymeleaf.ThymeleafAutoConfiguration$DefaultTemplateResolverConfiguration - Cannot find template location: classpath:/templates/ (please add some templates or check your Thymeleaf configuration)
[2018-08-21 15:17:54] INFO  org.springframework.jmx.export.annotation.AnnotationMBeanExporter - Registering beans for JMX exposure on startup
[2018-08-21 15:17:54] INFO  org.springframework.jmx.export.annotation.AnnotationMBeanExporter - Bean with name 'dataSource' has been autodetected for JMX exposure
[2018-08-21 15:17:54] INFO  org.springframework.jmx.export.annotation.AnnotationMBeanExporter - Located MBean 'dataSource': registering with JMX server as MBean [com.alibaba.druid.pool:name=dataSource,type=DruidDataSource]
[2018-08-21 15:17:54] INFO  org.apache.coyote.http11.Http11NioProtocol - Starting ProtocolHandler ["http-nio-8081"]
[2018-08-21 15:17:54] INFO  org.apache.tomcat.util.net.NioSelectorPool - Using a shared selector for servlet write/read
[2018-08-21 15:17:54] INFO  org.springframework.boot.web.embedded.tomcat.TomcatWebServer - Tomcat started on port(s): 8081 (http) with context path ''
[2018-08-21 15:17:54] INFO  com.example.springboot.ApplicationStartup - Started ApplicationStartup in 8.133 seconds (JVM running for 9.056)
[2018-08-21 15:18:28] INFO  org.apache.catalina.core.ContainerBase.[Tomcat].[localhost].[/] - Initializing Spring FrameworkServlet 'dispatcherServlet'
[2018-08-21 15:18:28] INFO  org.springframework.web.servlet.DispatcherServlet - FrameworkServlet 'dispatcherServlet': initialization started
[2018-08-21 15:18:28] INFO  org.springframework.web.servlet.DispatcherServlet - FrameworkServlet 'dispatcherServlet': initialization completed in 19 ms
[2018-08-21 15:18:28] INFO  com.example.springboot.filters.ExecuteTimeFilter - request uri =/api/test, executeTime = 6ms,paramMap ={},headerMap={"content-length":"13","postman-token":"ae68c0b4-8346-4b82-b78a-a0934f9d0099","host":"localhost:8081","content-type":"application/json","connection":"keep-alive","cache-control":"no-cache","accept-encoding":"gzip, deflate","user-agent":"PostmanRuntime/7.2.0","accept":"*/*"}
[2018-08-21 15:18:45] INFO  com.example.springboot.filters.ExecuteTimeFilter - request uri =/api/test, executeTime = 1ms,paramMap ={},headerMap={"content-length":"13","postman-token":"ac7a2c65-42ef-4f7e-aa01-17869b3340f1","host":"localhost:8081","content-type":"application/json","connection":"keep-alive","cache-control":"no-cache","accept-encoding":"gzip, deflate","user-agent":"PostmanRuntime/7.2.0","accept":"*/*"}
[2018-08-21 15:18:54] INFO  com.example.springboot.filters.ExecuteTimeFilter - request uri =/api/test, executeTime = 0ms,paramMap ={},headerMap={"content-length":"13","postman-token":"369f5b56-e5fe-462f-8d73-437fee0805af","host":"localhost:8081","content-type":"application/json","connection":"keep-alive","cache-control":"no-cache","accept-encoding":"gzip, deflate","user-agent":"PostmanRuntime/7.2.0","accept":"*/*"}
[2018-08-21 15:18:55] INFO  com.example.springboot.filters.ExecuteTimeFilter - request uri =/api/test, executeTime = 0ms,paramMap ={},headerMap={"content-length":"13","postman-token":"06f0f197-4ba7-44d5-b78c-9a812157d4fb","host":"localhost:8081","content-type":"application/json","connection":"keep-alive","cache-control":"no-cache","accept-encoding":"gzip, deflate","user-agent":"PostmanRuntime/7.2.0","accept":"*/*"}
[2018-08-21 15:20:28] INFO  org.springframework.boot.web.servlet.context.AnnotationConfigServletWebServerApplicationContext - Closing org.springframework.boot.web.servlet.context.AnnotationConfigServletWebServerApplicationContext@5b40ceb: startup date [Tue Aug 21 15:17:47 CST 2018]; root of context hierarchy
[2018-08-21 15:20:28] INFO  org.springframework.jmx.export.annotation.AnnotationMBeanExporter - Unregistering JMX-exposed beans on shutdown
[2018-08-21 15:20:28] INFO  org.springframework.jmx.export.annotation.AnnotationMBeanExporter - Unregistering JMX-exposed beans
