[2018-08-23 18:16:29] INFO  com.example.springboot.ApplicationStartup - Starting ApplicationStartup on jianglingjundeMacBook-Pro.local with PID 7986 (/Users/jianglingjun/Document/Projects/JavaProjects/springboot/target/classes started by jianglingjun in /Users/jianglingjun/Document/Projects/JavaProjects/springboot)
[2018-08-23 18:16:29] INFO  com.example.springboot.ApplicationStartup - The following profiles are active: test
[2018-08-23 18:16:29] INFO  org.springframework.boot.web.servlet.context.AnnotationConfigServletWebServerApplicationContext - Refreshing org.springframework.boot.web.servlet.context.AnnotationConfigServletWebServerApplicationContext@3571b748: startup date [Thu Aug 23 18:16:29 CST 2018]; root of context hierarchy
[2018-08-23 18:16:30] INFO  org.springframework.data.repository.config.RepositoryConfigurationDelegate - Multiple Spring Data modules found, entering strict repository configuration mode!
[2018-08-23 18:16:30] INFO  org.springframework.data.repository.config.RepositoryConfigurationDelegate - Multiple Spring Data modules found, entering strict repository configuration mode!
[2018-08-23 18:16:30] INFO  org.springframework.data.repository.config.RepositoryConfigurationExtensionSupport - Spring Data Redis - Could not safely identify store assignment for repository candidate interface com.example.springboot.repository.mongo.UserRepository.
[2018-08-23 18:16:31] INFO  org.springframework.context.support.PostProcessorRegistrationDelegate$BeanPostProcessorChecker - Bean 'org.springframework.transaction.annotation.ProxyTransactionManagementConfiguration' of type [org.springframework.transaction.annotation.ProxyTransactionManagementConfiguration$$EnhancerBySpringCGLIB$$ca72680b] is not eligible for getting processed by all BeanPostProcessors (for example: not eligible for auto-proxying)
[2018-08-23 18:16:31] INFO  org.springframework.context.support.PostProcessorRegistrationDelegate$BeanPostProcessorChecker - Bean 'redisConfig' of type [com.example.springboot.config.RedisConfig$$EnhancerBySpringCGLIB$$5f8379bf] is not eligible for getting processed by all BeanPostProcessors (for example: not eligible for auto-proxying)
[2018-08-23 18:16:31] INFO  org.springframework.boot.web.embedded.tomcat.TomcatWebServer - Tomcat initialized with port(s): 8081 (http)
[2018-08-23 18:16:31] INFO  org.apache.coyote.http11.Http11NioProtocol - Initializing ProtocolHandler ["http-nio-8081"]
[2018-08-23 18:16:31] INFO  org.apache.catalina.core.StandardService - Starting service [Tomcat]
[2018-08-23 18:16:31] INFO  org.apache.catalina.core.StandardEngine - Starting Servlet Engine: Apache Tomcat/8.5.31
[2018-08-23 18:16:31] INFO  org.apache.catalina.core.AprLifecycleListener - The APR based Apache Tomcat Native library which allows optimal performance in production environments was not found on the java.library.path: [/Users/jianglingjun/Library/Java/Extensions:/Library/Java/Extensions:/Network/Library/Java/Extensions:/System/Library/Java/Extensions:/usr/lib/java:.]
[2018-08-23 18:16:32] INFO  org.apache.jasper.servlet.TldScanner - At least one JAR was scanned for TLDs yet contained no TLDs. Enable debug logging for this logger for a complete list of JARs that were scanned but no TLDs were found in them. Skipping unneeded JARs during scanning can improve startup time and JSP compilation time.
[2018-08-23 18:16:32] INFO  org.apache.catalina.core.ContainerBase.[Tomcat].[localhost].[/] - Initializing Spring embedded WebApplicationContext
[2018-08-23 18:16:32] INFO  org.springframework.web.context.ContextLoader - Root WebApplicationContext: initialization completed in 3295 ms
[2018-08-23 18:16:33] INFO  org.springframework.boot.web.servlet.FilterRegistrationBean - Mapping filter: 'characterEncodingFilter' to: [/*]
[2018-08-23 18:16:33] INFO  org.springframework.boot.web.servlet.FilterRegistrationBean - Mapping filter: 'CORSFilter' to: [/*]
[2018-08-23 18:16:33] INFO  org.springframework.boot.web.servlet.FilterRegistrationBean - Mapping filter: 'com.example.springboot.filters.CORSFilter' to urls: [/*]
[2018-08-23 18:16:33] INFO  org.springframework.boot.web.servlet.FilterRegistrationBean - Mapping filter: 'druidStatFilter' to urls: [/*]
[2018-08-23 18:16:33] INFO  org.springframework.boot.web.servlet.FilterRegistrationBean - Mapping filter: 'ExecuteTimeFilter' to urls: [/*]
[2018-08-23 18:16:33] INFO  org.springframework.boot.web.servlet.ServletRegistrationBean - Servlet dispatcherServlet mapped to [/]
[2018-08-23 18:16:34] INFO  org.mongodb.driver.cluster - Cluster created with settings {hosts=[192.168.33.120:27017], mode=SINGLE, requiredClusterType=UNKNOWN, serverSelectionTimeout='30000 ms', maxWaitQueueSize=500}
[2018-08-23 18:16:34] INFO  org.mongodb.driver.connection - Opened connection [connectionId{localValue:1, serverValue:948}] to 192.168.33.120:27017
[2018-08-23 18:16:34] INFO  org.mongodb.driver.cluster - Monitor thread successfully connected to server with description ServerDescription{address=192.168.33.120:27017, type=STANDALONE, state=CONNECTED, ok=true, version=ServerVersion{versionList=[4, 0, 0]}, minWireVersion=0, maxWireVersion=7, maxDocumentSize=16777216, logicalSessionTimeoutMinutes=30, roundTripTimeNanos=12256136}
[2018-08-23 18:16:35] INFO  org.springframework.web.servlet.mvc.method.annotation.RequestMappingHandlerMapping - Mapped "{[/city/addCity]}" onto public com.example.springboot.utils.http.NewResponseModel com.example.springboot.controller.CityController.addCity()
[2018-08-23 18:16:35] INFO  org.springframework.web.servlet.mvc.method.annotation.RequestMappingHandlerMapping - Mapped "{[/city/findCityByName]}" onto public com.example.springboot.utils.http.NewResponseModel com.example.springboot.controller.CityController.getCityByName(java.lang.String)
[2018-08-23 18:16:35] INFO  org.springframework.web.servlet.mvc.method.annotation.RequestMappingHandlerMapping - Mapped "{[/city/findCityById],methods=[GET]}" onto public com.example.springboot.utils.http.NewResponseModel com.example.springboot.controller.CityController.getCaches(java.lang.Long)
[2018-08-23 18:16:35] INFO  org.springframework.web.servlet.mvc.method.annotation.RequestMappingHandlerMapping - Mapped "{[/login]}" onto public java.lang.String com.example.springboot.controller.LoginController.login(javax.servlet.http.HttpSession)
[2018-08-23 18:16:35] INFO  org.springframework.web.servlet.mvc.method.annotation.RequestMappingHandlerMapping - Mapped "{[/province/getProvince],methods=[GET]}" onto public com.example.springboot.utils.http.NewResponseModel com.example.springboot.controller.ProvinceController.getProvince(java.lang.Long)
[2018-08-23 18:16:35] INFO  org.springframework.web.servlet.mvc.method.annotation.RequestMappingHandlerMapping - Mapped "{[/upload/image]}" onto public com.example.springboot.utils.http.NewResponseModel com.example.springboot.controller.QiniuUploadController.UploadImage(org.springframework.web.multipart.MultipartFile) throws java.lang.Exception
[2018-08-23 18:16:35] INFO  org.springframework.web.servlet.mvc.method.annotation.RequestMappingHandlerMapping - Mapped "{[/api/test],methods=[POST]}" onto public java.lang.String com.example.springboot.controller.SpringBootController.test(java.lang.Long)
[2018-08-23 18:16:35] INFO  org.springframework.web.servlet.mvc.method.annotation.RequestMappingHandlerMapping - Mapped "{[/api/login],methods=[GET]}" onto java.lang.String com.example.springboot.controller.SpringBootController.login()
[2018-08-23 18:16:35] INFO  org.springframework.web.servlet.mvc.method.annotation.RequestMappingHandlerMapping - Mapped "{[/api/spring/index],methods=[GET]}" onto java.lang.String com.example.springboot.controller.SpringBootController.springboot()
[2018-08-23 18:16:35] INFO  org.springframework.web.servlet.mvc.method.annotation.RequestMappingHandlerMapping - Mapped "{[/api/hello/{name}],methods=[GET]}" onto public java.lang.String com.example.springboot.controller.SpringBootController.hello(java.lang.String)
[2018-08-23 18:16:35] INFO  org.springframework.web.servlet.mvc.method.annotation.RequestMappingHandlerMapping - Mapped "{[/templates/main],methods=[GET]}" onto public java.lang.String com.example.springboot.controller.ThymeleafController.index()
[2018-08-23 18:16:35] INFO  org.springframework.web.servlet.mvc.method.annotation.RequestMappingHandlerMapping - Mapped "{[/view/getView],methods=[GET]}" onto public org.springframework.web.servlet.ModelAndView com.example.springboot.controller.ViewController.view()
[2018-08-23 18:16:35] INFO  org.springframework.web.servlet.mvc.method.annotation.RequestMappingHandlerMapping - Mapped "{[/view/sample]}" onto public java.lang.String com.example.springboot.controller.ViewController.sample()
[2018-08-23 18:16:35] INFO  org.springframework.web.servlet.mvc.method.annotation.RequestMappingHandlerMapping - Mapped "{[/error]}" onto public org.springframework.http.ResponseEntity<java.util.Map<java.lang.String, java.lang.Object>> org.springframework.boot.autoconfigure.web.servlet.error.BasicErrorController.error(javax.servlet.http.HttpServletRequest)
[2018-08-23 18:16:35] INFO  org.springframework.web.servlet.mvc.method.annotation.RequestMappingHandlerMapping - Mapped "{[/error],produces=[text/html]}" onto public org.springframework.web.servlet.ModelAndView org.springframework.boot.autoconfigure.web.servlet.error.BasicErrorController.errorHtml(javax.servlet.http.HttpServletRequest,javax.servlet.http.HttpServletResponse)
[2018-08-23 18:16:35] INFO  org.springframework.web.servlet.mvc.method.annotation.RequestMappingHandlerAdapter - Looking for @ControllerAdvice: org.springframework.boot.web.servlet.context.AnnotationConfigServletWebServerApplicationContext@3571b748: startup date [Thu Aug 23 18:16:29 CST 2018]; root of context hierarchy
[2018-08-23 18:16:36] WARN  org.springframework.boot.autoconfigure.thymeleaf.ThymeleafAutoConfiguration$DefaultTemplateResolverConfiguration - Cannot find template location: classpath:/templates/ (please add some templates or check your Thymeleaf configuration)
[2018-08-23 18:16:36] INFO  org.springframework.jmx.export.annotation.AnnotationMBeanExporter - Registering beans for JMX exposure on startup
[2018-08-23 18:16:36] INFO  org.springframework.jmx.export.annotation.AnnotationMBeanExporter - Bean with name 'dataSource' has been autodetected for JMX exposure
[2018-08-23 18:16:36] INFO  org.springframework.jmx.export.annotation.AnnotationMBeanExporter - Located MBean 'dataSource': registering with JMX server as MBean [com.alibaba.druid.pool:name=dataSource,type=DruidDataSource]
[2018-08-23 18:16:37] INFO  org.apache.coyote.http11.Http11NioProtocol - Starting ProtocolHandler ["http-nio-8081"]
[2018-08-23 18:16:37] INFO  org.apache.tomcat.util.net.NioSelectorPool - Using a shared selector for servlet write/read
[2018-08-23 18:16:37] INFO  org.springframework.boot.web.embedded.tomcat.TomcatWebServer - Tomcat started on port(s): 8081 (http) with context path ''
[2018-08-23 18:16:37] INFO  com.example.springboot.ApplicationStartup - Started ApplicationStartup in 8.874 seconds (JVM running for 9.603)
[2018-08-23 18:16:51] INFO  org.springframework.boot.web.servlet.context.AnnotationConfigServletWebServerApplicationContext - Closing org.springframework.boot.web.servlet.context.AnnotationConfigServletWebServerApplicationContext@3571b748: startup date [Thu Aug 23 18:16:29 CST 2018]; root of context hierarchy
[2018-08-23 18:16:51] INFO  org.springframework.jmx.export.annotation.AnnotationMBeanExporter - Unregistering JMX-exposed beans on shutdown
[2018-08-23 18:16:51] INFO  org.springframework.jmx.export.annotation.AnnotationMBeanExporter - Unregistering JMX-exposed beans
[2018-08-23 18:17:26] INFO  com.example.springboot.ApplicationStartup - Starting ApplicationStartup on jianglingjundeMacBook-Pro.local with PID 8013 (/Users/jianglingjun/Document/Projects/JavaProjects/springboot/target/classes started by jianglingjun in /Users/jianglingjun/Document/Projects/JavaProjects/springboot)
[2018-08-23 18:17:26] INFO  com.example.springboot.ApplicationStartup - The following profiles are active: test
[2018-08-23 18:17:26] INFO  org.springframework.boot.web.servlet.context.AnnotationConfigServletWebServerApplicationContext - Refreshing org.springframework.boot.web.servlet.context.AnnotationConfigServletWebServerApplicationContext@3e96bacf: startup date [Thu Aug 23 18:17:26 CST 2018]; root of context hierarchy
[2018-08-23 18:17:27] INFO  org.springframework.data.repository.config.RepositoryConfigurationDelegate - Multiple Spring Data modules found, entering strict repository configuration mode!
[2018-08-23 18:17:27] INFO  org.springframework.data.repository.config.RepositoryConfigurationDelegate - Multiple Spring Data modules found, entering strict repository configuration mode!
[2018-08-23 18:17:27] INFO  org.springframework.data.repository.config.RepositoryConfigurationExtensionSupport - Spring Data Redis - Could not safely identify store assignment for repository candidate interface com.example.springboot.repository.mongo.UserRepository.
[2018-08-23 18:17:27] INFO  org.springframework.context.support.PostProcessorRegistrationDelegate$BeanPostProcessorChecker - Bean 'org.springframework.transaction.annotation.ProxyTransactionManagementConfiguration' of type [org.springframework.transaction.annotation.ProxyTransactionManagementConfiguration$$EnhancerBySpringCGLIB$$673436dd] is not eligible for getting processed by all BeanPostProcessors (for example: not eligible for auto-proxying)
[2018-08-23 18:17:28] INFO  org.springframework.context.support.PostProcessorRegistrationDelegate$BeanPostProcessorChecker - Bean 'redisConfig' of type [com.example.springboot.config.RedisConfig$$EnhancerBySpringCGLIB$$fc454891] is not eligible for getting processed by all BeanPostProcessors (for example: not eligible for auto-proxying)
[2018-08-23 18:17:28] INFO  org.springframework.boot.web.embedded.tomcat.TomcatWebServer - Tomcat initialized with port(s): 8081 (http)
[2018-08-23 18:17:28] INFO  org.apache.coyote.http11.Http11NioProtocol - Initializing ProtocolHandler ["http-nio-8081"]
[2018-08-23 18:17:28] INFO  org.apache.catalina.core.StandardService - Starting service [Tomcat]
[2018-08-23 18:17:28] INFO  org.apache.catalina.core.StandardEngine - Starting Servlet Engine: Apache Tomcat/8.5.31
[2018-08-23 18:17:28] INFO  org.apache.catalina.core.AprLifecycleListener - The APR based Apache Tomcat Native library which allows optimal performance in production environments was not found on the java.library.path: [/Users/jianglingjun/Library/Java/Extensions:/Library/Java/Extensions:/Network/Library/Java/Extensions:/System/Library/Java/Extensions:/usr/lib/java:.]
[2018-08-23 18:17:28] INFO  org.apache.jasper.servlet.TldScanner - At least one JAR was scanned for TLDs yet contained no TLDs. Enable debug logging for this logger for a complete list of JARs that were scanned but no TLDs were found in them. Skipping unneeded JARs during scanning can improve startup time and JSP compilation time.
[2018-08-23 18:17:28] INFO  org.apache.catalina.core.ContainerBase.[Tomcat].[localhost].[/] - Initializing Spring embedded WebApplicationContext
[2018-08-23 18:17:28] INFO  org.springframework.web.context.ContextLoader - Root WebApplicationContext: initialization completed in 1827 ms
[2018-08-23 18:17:28] INFO  org.springframework.boot.web.servlet.FilterRegistrationBean - Mapping filter: 'characterEncodingFilter' to: [/*]
[2018-08-23 18:17:28] INFO  org.springframework.boot.web.servlet.FilterRegistrationBean - Mapping filter: 'CORSFilter' to: [/*]
[2018-08-23 18:17:28] INFO  org.springframework.boot.web.servlet.FilterRegistrationBean - Mapping filter: 'com.example.springboot.filters.CORSFilter' to urls: [/*]
[2018-08-23 18:17:28] INFO  org.springframework.boot.web.servlet.FilterRegistrationBean - Mapping filter: 'druidStatFilter' to urls: [/*]
[2018-08-23 18:17:28] INFO  org.springframework.boot.web.servlet.FilterRegistrationBean - Mapping filter: 'ExecuteTimeFilter' to urls: [/*]
[2018-08-23 18:17:28] INFO  org.springframework.boot.web.servlet.ServletRegistrationBean - Servlet dispatcherServlet mapped to [/]
[2018-08-23 18:17:29] INFO  org.mongodb.driver.cluster - Cluster created with settings {hosts=[192.168.33.120:27017], mode=SINGLE, requiredClusterType=UNKNOWN, serverSelectionTimeout='30000 ms', maxWaitQueueSize=500}
[2018-08-23 18:17:29] INFO  org.mongodb.driver.connection - Opened connection [connectionId{localValue:1, serverValue:949}] to 192.168.33.120:27017
[2018-08-23 18:17:29] INFO  org.mongodb.driver.cluster - Monitor thread successfully connected to server with description ServerDescription{address=192.168.33.120:27017, type=STANDALONE, state=CONNECTED, ok=true, version=ServerVersion{versionList=[4, 0, 0]}, minWireVersion=0, maxWireVersion=7, maxDocumentSize=16777216, logicalSessionTimeoutMinutes=30, roundTripTimeNanos=4687926}
[2018-08-23 18:17:29] INFO  org.springframework.web.servlet.mvc.method.annotation.RequestMappingHandlerMapping - Mapped "{[/city/findCityByName]}" onto public com.example.springboot.utils.http.NewResponseModel com.example.springboot.controller.CityController.getCityByName(java.lang.String)
[2018-08-23 18:17:29] INFO  org.springframework.web.servlet.mvc.method.annotation.RequestMappingHandlerMapping - Mapped "{[/city/findCityById],methods=[GET]}" onto public com.example.springboot.utils.http.NewResponseModel com.example.springboot.controller.CityController.getCaches(java.lang.Long)
[2018-08-23 18:17:29] INFO  org.springframework.web.servlet.mvc.method.annotation.RequestMappingHandlerMapping - Mapped "{[/city/addCity]}" onto public com.example.springboot.utils.http.NewResponseModel com.example.springboot.controller.CityController.addCity()
[2018-08-23 18:17:29] INFO  org.springframework.web.servlet.mvc.method.annotation.RequestMappingHandlerMapping - Mapped "{[/login]}" onto public java.lang.String com.example.springboot.controller.LoginController.login(javax.servlet.http.HttpSession)
[2018-08-23 18:17:29] INFO  org.springframework.web.servlet.mvc.method.annotation.RequestMappingHandlerMapping - Mapped "{[/province/getProvince],methods=[GET]}" onto public com.example.springboot.utils.http.NewResponseModel com.example.springboot.controller.ProvinceController.getProvince(java.lang.Long)
[2018-08-23 18:17:29] INFO  org.springframework.web.servlet.mvc.method.annotation.RequestMappingHandlerMapping - Mapped "{[/upload/image]}" onto public com.example.springboot.utils.http.NewResponseModel com.example.springboot.controller.QiniuUploadController.UploadImage(org.springframework.web.multipart.MultipartFile) throws java.lang.Exception
[2018-08-23 18:17:29] INFO  org.springframework.web.servlet.mvc.method.annotation.RequestMappingHandlerMapping - Mapped "{[/api/test],methods=[POST]}" onto public java.lang.String com.example.springboot.controller.SpringBootController.test(java.lang.Long)
[2018-08-23 18:17:29] INFO  org.springframework.web.servlet.mvc.method.annotation.RequestMappingHandlerMapping - Mapped "{[/api/login],methods=[GET]}" onto java.lang.String com.example.springboot.controller.SpringBootController.login()
[2018-08-23 18:17:29] INFO  org.springframework.web.servlet.mvc.method.annotation.RequestMappingHandlerMapping - Mapped "{[/api/spring/index],methods=[GET]}" onto java.lang.String com.example.springboot.controller.SpringBootController.springboot()
[2018-08-23 18:17:29] INFO  org.springframework.web.servlet.mvc.method.annotation.RequestMappingHandlerMapping - Mapped "{[/api/hello/{name}],methods=[GET]}" onto public java.lang.String com.example.springboot.controller.SpringBootController.hello(java.lang.String)
[2018-08-23 18:17:29] INFO  org.springframework.web.servlet.mvc.method.annotation.RequestMappingHandlerMapping - Mapped "{[/templates/main],methods=[GET]}" onto public java.lang.String com.example.springboot.controller.ThymeleafController.index()
[2018-08-23 18:17:29] INFO  org.springframework.web.servlet.mvc.method.annotation.RequestMappingHandlerMapping - Mapped "{[/view/getView],methods=[GET]}" onto public org.springframework.web.servlet.ModelAndView com.example.springboot.controller.ViewController.view()
[2018-08-23 18:17:29] INFO  org.springframework.web.servlet.mvc.method.annotation.RequestMappingHandlerMapping - Mapped "{[/view/sample]}" onto public java.lang.String com.example.springboot.controller.ViewController.sample()
[2018-08-23 18:17:29] INFO  org.springframework.web.servlet.mvc.method.annotation.RequestMappingHandlerMapping - Mapped "{[/error]}" onto public org.springframework.http.ResponseEntity<java.util.Map<java.lang.String, java.lang.Object>> org.springframework.boot.autoconfigure.web.servlet.error.BasicErrorController.error(javax.servlet.http.HttpServletRequest)
[2018-08-23 18:17:29] INFO  org.springframework.web.servlet.mvc.method.annotation.RequestMappingHandlerMapping - Mapped "{[/error],produces=[text/html]}" onto public org.springframework.web.servlet.ModelAndView org.springframework.boot.autoconfigure.web.servlet.error.BasicErrorController.errorHtml(javax.servlet.http.HttpServletRequest,javax.servlet.http.HttpServletResponse)
[2018-08-23 18:17:29] INFO  org.springframework.web.servlet.mvc.method.annotation.RequestMappingHandlerAdapter - Looking for @ControllerAdvice: org.springframework.boot.web.servlet.context.AnnotationConfigServletWebServerApplicationContext@3e96bacf: startup date [Thu Aug 23 18:17:26 CST 2018]; root of context hierarchy
[2018-08-23 18:17:30] WARN  org.springframework.boot.autoconfigure.thymeleaf.ThymeleafAutoConfiguration$DefaultTemplateResolverConfiguration - Cannot find template location: classpath:/templates/ (please add some templates or check your Thymeleaf configuration)
[2018-08-23 18:17:30] INFO  org.springframework.jmx.export.annotation.AnnotationMBeanExporter - Registering beans for JMX exposure on startup
[2018-08-23 18:17:30] INFO  org.springframework.jmx.export.annotation.AnnotationMBeanExporter - Bean with name 'dataSource' has been autodetected for JMX exposure
[2018-08-23 18:17:30] INFO  org.springframework.jmx.export.annotation.AnnotationMBeanExporter - Located MBean 'dataSource': registering with JMX server as MBean [com.alibaba.druid.pool:name=dataSource,type=DruidDataSource]
[2018-08-23 18:17:30] INFO  org.apache.coyote.http11.Http11NioProtocol - Starting ProtocolHandler ["http-nio-8081"]
[2018-08-23 18:17:30] INFO  org.apache.tomcat.util.net.NioSelectorPool - Using a shared selector for servlet write/read
[2018-08-23 18:17:30] INFO  org.springframework.boot.web.embedded.tomcat.TomcatWebServer - Tomcat started on port(s): 8081 (http) with context path ''
[2018-08-23 18:17:30] INFO  com.example.springboot.ApplicationStartup - Started ApplicationStartup in 4.921 seconds (JVM running for 5.609)
[2018-08-23 18:17:37] INFO  org.springframework.boot.web.servlet.context.AnnotationConfigServletWebServerApplicationContext - Closing org.springframework.boot.web.servlet.context.AnnotationConfigServletWebServerApplicationContext@3e96bacf: startup date [Thu Aug 23 18:17:26 CST 2018]; root of context hierarchy
[2018-08-23 18:17:37] INFO  org.springframework.jmx.export.annotation.AnnotationMBeanExporter - Unregistering JMX-exposed beans on shutdown
[2018-08-23 18:17:37] INFO  org.springframework.jmx.export.annotation.AnnotationMBeanExporter - Unregistering JMX-exposed beans
